16:57:49.219 [Worker-18] INFO  o.a.AndroidAnnotationProcessor:85 - Initialize AndroidAnnotations 3.0.1 with options {phase=BUILD}
16:57:49.354 [Worker-18] INFO  o.a.AndroidAnnotationProcessor:109 - Start processing for 4 annotations on 81 elements
16:57:49.458 [Worker-18] DEBUG o.a.h.AndroidManifestFinder:137 - AndroidManifest.xml file found in parent folder /Users/hch/Documents/Git/FashionDiy: /Users/hch/Documents/Git/FashionDiy/AndroidManifest.xml
16:57:49.461 [Worker-18] WARN  o.a.h.AndroidManifestFinder:252 - A class activity declared in the AndroidManifest.xml cannot be found in the compile path: [com.umeng.update.UpdateDialogActivity]
16:57:49.466 [Worker-18] WARN  o.a.h.AndroidManifestFinder:252 - A class activity declared in the AndroidManifest.xml cannot be found in the compile path: [com.umeng.socialize.view.ShareActivity]
16:57:49.467 [Worker-18] WARN  o.a.h.AndroidManifestFinder:252 - A class activity declared in the AndroidManifest.xml cannot be found in the compile path: [com.tencent.tauth.AuthActivity]
16:57:49.468 [Worker-18] WARN  o.a.h.AndroidManifestFinder:252 - A class activity declared in the AndroidManifest.xml cannot be found in the compile path: [com.tencent.connect.common.AssistActivity]
16:57:49.468 [Worker-18] WARN  o.a.h.AndroidManifestFinder:252 - A class activity declared in the AndroidManifest.xml cannot be found in the compile path: [com.umeng.update.net.DownloadingService]
16:57:49.470 [Worker-18] INFO  o.a.AndroidAnnotationProcessor:172 - AndroidManifest.xml found: AndroidManifest [applicationPackage=com.chuangmeng.fashiondiy, componentQualifiedNames=[com.chuangmeng.fashiondiy.IndexActivity_, com.chuangmeng.fashiondiy.HomeActivity_, com.chuangmeng.fashiondiy.design.DesignActivity_, com.chuangmeng.fashiondiy.guide.GuideActivity, com.chuangmeng.fashiondiy.preview.PreViewActivity_, com.chuangmeng.fashiondiy.preview.trywear.WaterCameraActivity, com.chuangmeng.fashiondiy.DisplayGarderobeActivity, com.chuangmeng.fashiondiy.preview.buy.ToBuyActivity_, com.chuangmeng.fashiondiy.AboutUsActivity, com.chuangmeng.fashiondiy.ConfirmDialog, com.chuangmeng.fashiondiy.DisplayDesignClothActivity, com.chuangmeng.fashiondiy.login.UserLoginActivity_, com.chuangmeng.fashiondiy.login.UserRegistActivity_, com.chuangmeng.fashiondiy.forum.ForumActivity, com.chuangmeng.fashiondiy.service.SaveTrywearClothService], permissionQualifiedNames=[android.permission.WRITE_EXTERNAL_STORAGE, android.permission.ACCESS_NETWORK_STATE, android.permission.ACCESS_WIFI_STATE, android.permission.INTERNET, android.permission.READ_PHONE_STATE, android.permission.MOUNT_UNMOUNT_FILESYSTEMS, android.permission.READ_EXTERNAL_STORAGE, android.permission.READ_CALL_LOG, android.permission.READ_CONTACTS, android.permission.WAKE_LOCK, android.permission.CHANGE_WIFI_STATE, android.permission.CAMERA, android.permission.VIBRATE, android.permission.FLASHLIGHT], applicationClassName=com.chuangmeng.fashiondiy.base.FashionDiyApplication, libraryProject=false, debugabble=false, minSdkVersion=11, maxSdkVersion=-1, targetSdkVersion=20]
16:57:49.472 [Worker-18] INFO  o.a.r.ProjectRClassFinder:50 - Found project R class: com.chuangmeng.fashiondiy.R
16:57:49.502 [Worker-18] INFO  o.a.r.AndroidRClassFinder:44 - Found Android class: android.R
16:57:49.538 [Worker-18] INFO  o.a.p.ModelValidator:42 - Validating elements
16:57:49.538 [Worker-18] DEBUG o.a.p.ModelValidator:62 - Validating with EActivityHandler: [com.chuangmeng.fashiondiy.IndexActivity, com.chuangmeng.fashiondiy.preview.buy.ToBuyActivity, com.chuangmeng.fashiondiy.login.UserLoginActivity, com.chuangmeng.fashiondiy.design.DesignActivity, com.chuangmeng.fashiondiy.preview.PreViewActivity, com.chuangmeng.fashiondiy.login.UserRegistActivity, com.chuangmeng.fashiondiy.HomeActivity]
16:57:49.546 [Worker-18] DEBUG o.a.p.ModelValidator:62 - Validating with ViewByIdHandler: [preview_title_back_iv, design_preview_buy_show_cfi, design_buy_cloth_no_s_bt, login_start_login_btn, login_regist_first, view_home_couple_iv, design_buy_cloth_no_xxxl_bt, design_buy_cloth_ok_bt, user_regist_phonenum_et, design_buy_cloth_num_tv, design_take_select_photo_rl, user_regist_get_validatedcode_bt, design_bottom_detail_ll, user_regist_username_et, design_buy_cloth_num_add_bt, preview_to_clothset, design_couple_title_female_back_iv, preview_bottom_buy_iv, user_regist_regist_bt, login_meet_error, design_buy_cloth_money_tv, view_home_male_iv, design_buy_cloth_no_xl_bt, design_title_forward_iv, design_cloth_direction_rl, design_couple_title_male_front_iv, design_buy_cloth_no_xxl_bt, view_home_female_iv, view_home_clothespress_iv, preview_bottom_save_iv, login_user_passwd_input, design_couple_cloth_direction_rl, design_bottom_camera_iv, design_title_backward_iv, design_bottom_operate_hide_iv, view_home_help_iv, view_home_all_diy_iv, design_buy_cloth_no_m_bt, design_couple_title_female_front_iv, user_regist_validatedcode_et, preview_cloth_detail_viewpager, design_buy_cloth_num_sub_bt, design_bottom_model_iv, design_couple_title_female_back_iv, design_buy_cloth_no_l_bt, design_bottom_word_iv, design_preview_buy_show_vf, design_model_operate_text_color_listview, design_title_couple_include, preview_bottom_try_iv, design_cloth_detail_viewpager, design_couple_title_back_iv, design_couple_title_male_back_iv, design_couple_title_female_front_iv, user_regist_password_et, design_cloth_child_title, design_bottom_pattern_iv, login_user_name_input, design_couple_title_male_back_iv, design_title_preview_iv, view_home_about_us_iv, design_couple_title_male_front_iv, preview_bottom_detail_ll]
16:57:49.560 [Worker-18] DEBUG o.a.p.ModelValidator:62 - Validating with ClickHandler: [void design_title_forward_iv() , void view_home_male_iv() , void login_start_login_btn() , public void design_couple_title_preview_iv() , void user_regist_regist_bt() , public void design_bottom_word_iv() , void design_couple_title_female_front_iv() , public void design_title_preview_iv() , void preview_bottom_save_iv() , void user_regist_get_validatedcode_bt() , public void design_couple_title_male_front_iv() , public void design_bottom_camera_iv() , void login_regist_first() , public void design_bottom_pattern_iv() , public void design_couple_title_male_back_iv() , void login_meet_error() , public void preview_to_clothset() , public void design_couple_title_female_front_iv() , void view_home_about_us_iv() , public void design_title_back_iv() , public void preview_title_back_iv() , public void design_couple_title_back_iv() , void view_home_clothespress_iv() , public void design_bottom_background_iv() , void view_home_help_iv() , public void design_bottom_operate_hide_iv() , public void design_take_photo_iv() , void view_home_female_iv() , void preview_bottom_try_iv() , public void design_bottom_model_iv() , public void design_title_backward_iv() , void view_home_couple_iv() , void design_couple_title_male_front_iv() , public void design_couple_title_female_back_iv() , void design_couple_title_female_back_iv() , void preview_bottom_buy_iv() , public void design_select_local_photo_iv() , public void design_title_forward_iv() , void design_couple_title_male_back_iv() , void design_title_backward_iv() ]
16:57:49.580 [Worker-18] DEBUG o.a.p.ModelValidator:62 - Validating with AfterViewsHandler: [void initData() , void initData() , void initView() , void initData() , void initView() , void initData() , void isNetworkAvailable() ]
16:57:49.600 [Worker-18] INFO  o.a.p.ModelProcessor:73 - Processing root elements
16:57:49.601 [Worker-18] DEBUG o.a.p.ModelProcessor:80 - Processing root elements EActivityHandler: [com.chuangmeng.fashiondiy.IndexActivity, com.chuangmeng.fashiondiy.preview.buy.ToBuyActivity, com.chuangmeng.fashiondiy.login.UserLoginActivity, com.chuangmeng.fashiondiy.design.DesignActivity, com.chuangmeng.fashiondiy.preview.PreViewActivity, com.chuangmeng.fashiondiy.login.UserRegistActivity, com.chuangmeng.fashiondiy.HomeActivity]
16:57:49.648 [Worker-18] INFO  o.a.p.ModelProcessor:104 - Processing enclosed elements
16:57:49.666 [Worker-18] INFO  o.a.AndroidAnnotationProcessor:251 - Number of files generated by AndroidAnnotations: 7
16:57:49.670 [Worker-18] INFO  o.a.g.ApiCodeGenerator:52 - Writting following API classes in project: []
16:57:49.675 [Worker-18] DEBUG o.a.g.SourceCodewriter:55 - Generating class: com.chuangmeng.fashiondiy.preview.buy.ToBuyActivity_
16:57:49.698 [Worker-18] DEBUG o.a.g.SourceCodewriter:55 - Generating class: com.chuangmeng.fashiondiy.HomeActivity_
16:57:49.706 [Worker-18] DEBUG o.a.g.SourceCodewriter:55 - Generating class: com.chuangmeng.fashiondiy.IndexActivity_
16:57:49.711 [Worker-18] DEBUG o.a.g.SourceCodewriter:55 - Generating class: com.chuangmeng.fashiondiy.login.UserLoginActivity_
16:57:49.720 [Worker-18] DEBUG o.a.g.SourceCodewriter:55 - Generating class: com.chuangmeng.fashiondiy.login.UserRegistActivity_
16:57:49.726 [Worker-18] DEBUG o.a.g.SourceCodewriter:55 - Generating class: com.chuangmeng.fashiondiy.preview.PreViewActivity_
16:57:49.736 [Worker-18] DEBUG o.a.g.SourceCodewriter:55 - Generating class: com.chuangmeng.fashiondiy.design.DesignActivity_
16:57:49.747 [Worker-18] INFO  o.a.p.TimeStats:81 - Time measurements: [Whole Processing = 393 ms], [Extract Annotations = 98 ms], [Process Annotations = 85 ms], [Generate Sources = 81 ms], [Find R Classes = 52 ms], [Validate Annotations = 43 ms], [Extract Manifest = 17 ms], 
16:57:49.748 [Worker-18] INFO  o.a.AndroidAnnotationProcessor:123 - Finish processing
16:58:06.359 [Worker-18] INFO  o.a.AndroidAnnotationProcessor:85 - Initialize AndroidAnnotations 3.0.1 with options {phase=BUILD}
16:58:06.361 [Worker-18] INFO  o.a.AndroidAnnotationProcessor:109 - Start processing for 4 annotations on 2 elements
16:58:06.377 [Worker-18] DEBUG o.a.h.AndroidManifestFinder:137 - AndroidManifest.xml file found in parent folder /Users/hch/Documents/Git/FashionDiy: /Users/hch/Documents/Git/FashionDiy/AndroidManifest.xml
16:58:06.380 [Worker-18] WARN  o.a.h.AndroidManifestFinder:252 - A class activity declared in the AndroidManifest.xml cannot be found in the compile path: [com.umeng.update.UpdateDialogActivity]
16:58:06.381 [Worker-18] WARN  o.a.h.AndroidManifestFinder:252 - A class activity declared in the AndroidManifest.xml cannot be found in the compile path: [com.umeng.socialize.view.ShareActivity]
16:58:06.382 [Worker-18] WARN  o.a.h.AndroidManifestFinder:252 - A class activity declared in the AndroidManifest.xml cannot be found in the compile path: [com.tencent.tauth.AuthActivity]
16:58:06.382 [Worker-18] WARN  o.a.h.AndroidManifestFinder:252 - A class activity declared in the AndroidManifest.xml cannot be found in the compile path: [com.tencent.connect.common.AssistActivity]
16:58:06.387 [Worker-18] WARN  o.a.h.AndroidManifestFinder:252 - A class activity declared in the AndroidManifest.xml cannot be found in the compile path: [com.umeng.update.net.DownloadingService]
16:58:06.388 [Worker-18] INFO  o.a.AndroidAnnotationProcessor:172 - AndroidManifest.xml found: AndroidManifest [applicationPackage=com.chuangmeng.fashiondiy, componentQualifiedNames=[com.chuangmeng.fashiondiy.IndexActivity_, com.chuangmeng.fashiondiy.HomeActivity_, com.chuangmeng.fashiondiy.design.DesignActivity_, com.chuangmeng.fashiondiy.guide.GuideActivity, com.chuangmeng.fashiondiy.preview.PreViewActivity_, com.chuangmeng.fashiondiy.preview.trywear.WaterCameraActivity, com.chuangmeng.fashiondiy.DisplayGarderobeActivity, com.chuangmeng.fashiondiy.preview.buy.ToBuyActivity_, com.chuangmeng.fashiondiy.AboutUsActivity, com.chuangmeng.fashiondiy.ConfirmDialog, com.chuangmeng.fashiondiy.DisplayDesignClothActivity, com.chuangmeng.fashiondiy.login.UserLoginActivity_, com.chuangmeng.fashiondiy.login.UserRegistActivity_, com.chuangmeng.fashiondiy.forum.ForumActivity, com.chuangmeng.fashiondiy.service.SaveTrywearClothService], permissionQualifiedNames=[android.permission.WRITE_EXTERNAL_STORAGE, android.permission.ACCESS_NETWORK_STATE, android.permission.ACCESS_WIFI_STATE, android.permission.INTERNET, android.permission.READ_PHONE_STATE, android.permission.MOUNT_UNMOUNT_FILESYSTEMS, android.permission.READ_EXTERNAL_STORAGE, android.permission.READ_CALL_LOG, android.permission.READ_CONTACTS, android.permission.WAKE_LOCK, android.permission.CHANGE_WIFI_STATE, android.permission.CAMERA, android.permission.VIBRATE, android.permission.FLASHLIGHT], applicationClassName=com.chuangmeng.fashiondiy.base.FashionDiyApplication, libraryProject=false, debugabble=false, minSdkVersion=11, maxSdkVersion=-1, targetSdkVersion=20]
16:58:06.389 [Worker-18] INFO  o.a.r.ProjectRClassFinder:50 - Found project R class: com.chuangmeng.fashiondiy.R
16:58:06.400 [Worker-18] INFO  o.a.r.AndroidRClassFinder:44 - Found Android class: android.R
16:58:06.407 [Worker-18] INFO  o.a.p.ModelValidator:42 - Validating elements
16:58:06.407 [Worker-18] DEBUG o.a.p.ModelValidator:62 - Validating with EActivityHandler: [com.chuangmeng.fashiondiy.HomeActivity]
16:58:06.408 [Worker-18] DEBUG o.a.p.ModelValidator:62 - Validating with ViewByIdHandler: [view_home_all_diy_iv, view_home_clothespress_iv, view_home_help_iv, view_home_couple_iv, view_home_male_iv, view_home_female_iv, view_home_about_us_iv]
16:58:06.410 [Worker-18] DEBUG o.a.p.ModelValidator:62 - Validating with ClickHandler: [void view_home_female_iv() , void view_home_help_iv() , void view_home_clothespress_iv() , void view_home_about_us_iv() , void view_home_male_iv() , void view_home_couple_iv() ]
16:58:06.412 [Worker-18] DEBUG o.a.p.ModelValidator:62 - Validating with AfterViewsHandler: [void initView() ]
16:58:06.413 [Worker-18] INFO  o.a.p.ModelProcessor:73 - Processing root elements
16:58:06.413 [Worker-18] DEBUG o.a.p.ModelProcessor:80 - Processing root elements EActivityHandler: [com.chuangmeng.fashiondiy.HomeActivity]
16:58:06.416 [Worker-18] INFO  o.a.p.ModelProcessor:104 - Processing enclosed elements
16:58:06.418 [Worker-18] INFO  o.a.AndroidAnnotationProcessor:251 - Number of files generated by AndroidAnnotations: 1
16:58:06.419 [Worker-18] INFO  o.a.g.ApiCodeGenerator:52 - Writting following API classes in project: []
16:58:06.420 [Worker-18] DEBUG o.a.g.SourceCodewriter:55 - Generating class: com.chuangmeng.fashiondiy.HomeActivity_
16:58:06.432 [Worker-18] INFO  o.a.p.TimeStats:81 - Time measurements: [Whole Processing = 71 ms], [Find R Classes = 17 ms], [Extract Annotations = 16 ms], [Generate Sources = 14 ms], [Extract Manifest = 11 ms], [Validate Annotations = 6 ms], [Process Annotations = 5 ms], 
16:58:06.433 [Worker-18] INFO  o.a.AndroidAnnotationProcessor:123 - Finish processing
16:58:08.871 [Worker-21] INFO  o.a.AndroidAnnotationProcessor:85 - Initialize AndroidAnnotations 3.0.1 with options {phase=BUILD}
16:58:08.873 [Worker-21] INFO  o.a.AndroidAnnotationProcessor:109 - Start processing for 4 annotations on 1 elements
16:58:08.889 [Worker-21] DEBUG o.a.h.AndroidManifestFinder:137 - AndroidManifest.xml file found in parent folder /Users/hch/Documents/Git/FashionDiy: /Users/hch/Documents/Git/FashionDiy/AndroidManifest.xml
16:58:08.892 [Worker-21] WARN  o.a.h.AndroidManifestFinder:252 - A class activity declared in the AndroidManifest.xml cannot be found in the compile path: [com.umeng.update.UpdateDialogActivity]
16:58:08.893 [Worker-21] WARN  o.a.h.AndroidManifestFinder:252 - A class activity declared in the AndroidManifest.xml cannot be found in the compile path: [com.umeng.socialize.view.ShareActivity]
16:58:08.893 [Worker-21] WARN  o.a.h.AndroidManifestFinder:252 - A class activity declared in the AndroidManifest.xml cannot be found in the compile path: [com.tencent.tauth.AuthActivity]
16:58:08.894 [Worker-21] WARN  o.a.h.AndroidManifestFinder:252 - A class activity declared in the AndroidManifest.xml cannot be found in the compile path: [com.tencent.connect.common.AssistActivity]
16:58:08.897 [Worker-21] WARN  o.a.h.AndroidManifestFinder:252 - A class activity declared in the AndroidManifest.xml cannot be found in the compile path: [com.umeng.update.net.DownloadingService]
16:58:08.898 [Worker-21] INFO  o.a.AndroidAnnotationProcessor:172 - AndroidManifest.xml found: AndroidManifest [applicationPackage=com.chuangmeng.fashiondiy, componentQualifiedNames=[com.chuangmeng.fashiondiy.IndexActivity_, com.chuangmeng.fashiondiy.HomeActivity_, com.chuangmeng.fashiondiy.design.DesignActivity_, com.chuangmeng.fashiondiy.guide.GuideActivity, com.chuangmeng.fashiondiy.preview.PreViewActivity_, com.chuangmeng.fashiondiy.preview.trywear.WaterCameraActivity, com.chuangmeng.fashiondiy.DisplayGarderobeActivity, com.chuangmeng.fashiondiy.preview.buy.ToBuyActivity_, com.chuangmeng.fashiondiy.AboutUsActivity, com.chuangmeng.fashiondiy.ConfirmDialog, com.chuangmeng.fashiondiy.DisplayDesignClothActivity, com.chuangmeng.fashiondiy.login.UserLoginActivity_, com.chuangmeng.fashiondiy.login.UserRegistActivity_, com.chuangmeng.fashiondiy.forum.ForumActivity, com.chuangmeng.fashiondiy.service.SaveTrywearClothService], permissionQualifiedNames=[android.permission.WRITE_EXTERNAL_STORAGE, android.permission.ACCESS_NETWORK_STATE, android.permission.ACCESS_WIFI_STATE, android.permission.INTERNET, android.permission.READ_PHONE_STATE, android.permission.MOUNT_UNMOUNT_FILESYSTEMS, android.permission.READ_EXTERNAL_STORAGE, android.permission.READ_CALL_LOG, android.permission.READ_CONTACTS, android.permission.WAKE_LOCK, android.permission.CHANGE_WIFI_STATE, android.permission.CAMERA, android.permission.VIBRATE, android.permission.FLASHLIGHT], applicationClassName=com.chuangmeng.fashiondiy.base.FashionDiyApplication, libraryProject=false, debugabble=false, minSdkVersion=11, maxSdkVersion=-1, targetSdkVersion=20]
16:58:08.898 [Worker-21] INFO  o.a.r.ProjectRClassFinder:50 - Found project R class: com.chuangmeng.fashiondiy.R
16:58:08.905 [Worker-21] INFO  o.a.r.AndroidRClassFinder:44 - Found Android class: android.R
16:58:08.916 [Worker-21] INFO  o.a.p.ModelValidator:42 - Validating elements
16:58:08.917 [Worker-21] DEBUG o.a.p.ModelValidator:62 - Validating with EActivityHandler: [com.chuangmeng.fashiondiy.HomeActivity]
16:58:08.918 [Worker-21] DEBUG o.a.p.ModelValidator:62 - Validating with ViewByIdHandler: [view_home_all_diy_iv, view_home_clothespress_iv, view_home_about_us_iv, view_home_help_iv, view_home_couple_iv, view_home_male_iv, view_home_female_iv]
16:58:08.920 [Worker-21] DEBUG o.a.p.ModelValidator:62 - Validating with ClickHandler: [void view_home_couple_iv() , void view_home_about_us_iv() , void view_home_male_iv() , void view_home_female_iv() , void view_home_clothespress_iv() , void view_home_help_iv() ]
16:58:08.922 [Worker-21] DEBUG o.a.p.ModelValidator:62 - Validating with AfterViewsHandler: [void initView() ]
16:58:08.923 [Worker-21] INFO  o.a.p.ModelProcessor:73 - Processing root elements
16:58:08.923 [Worker-21] DEBUG o.a.p.ModelProcessor:80 - Processing root elements EActivityHandler: [com.chuangmeng.fashiondiy.HomeActivity]
16:58:08.926 [Worker-21] INFO  o.a.p.ModelProcessor:104 - Processing enclosed elements
16:58:08.928 [Worker-21] INFO  o.a.AndroidAnnotationProcessor:251 - Number of files generated by AndroidAnnotations: 1
16:58:08.933 [Worker-21] INFO  o.a.g.ApiCodeGenerator:52 - Writting following API classes in project: []
16:58:08.934 [Worker-21] DEBUG o.a.g.SourceCodewriter:55 - Generating class: com.chuangmeng.fashiondiy.HomeActivity_
16:58:08.959 [Worker-21] INFO  o.a.p.TimeStats:81 - Time measurements: [Whole Processing = 86 ms], [Generate Sources = 31 ms], [Find R Classes = 18 ms], [Extract Annotations = 16 ms], [Extract Manifest = 9 ms], [Validate Annotations = 6 ms], [Process Annotations = 6 ms], 
16:58:08.963 [Worker-21] INFO  o.a.AndroidAnnotationProcessor:123 - Finish processing
17:24:24.899 [Worker-35] INFO  o.a.AndroidAnnotationProcessor:85 - Initialize AndroidAnnotations 3.0.1 with options {phase=BUILD}
17:24:24.903 [Worker-35] INFO  o.a.AndroidAnnotationProcessor:109 - Start processing for 4 annotations on 81 elements
17:24:24.945 [Worker-35] DEBUG o.a.h.AndroidManifestFinder:137 - AndroidManifest.xml file found in parent folder /Users/hch/Documents/Git/FashionDiy: /Users/hch/Documents/Git/FashionDiy/AndroidManifest.xml
17:24:24.948 [Worker-35] WARN  o.a.h.AndroidManifestFinder:252 - A class activity declared in the AndroidManifest.xml cannot be found in the compile path: [com.tencent.tauth.AuthActivity]
17:24:24.949 [Worker-35] WARN  o.a.h.AndroidManifestFinder:252 - A class activity declared in the AndroidManifest.xml cannot be found in the compile path: [com.tencent.connect.common.AssistActivity]
17:24:24.954 [Worker-35] INFO  o.a.AndroidAnnotationProcessor:172 - AndroidManifest.xml found: AndroidManifest [applicationPackage=com.chuangmeng.fashiondiy, componentQualifiedNames=[com.chuangmeng.fashiondiy.IndexActivity_, com.umeng.update.UpdateDialogActivity, com.umeng.socialize.view.ShareActivity, com.chuangmeng.fashiondiy.HomeActivity_, com.chuangmeng.fashiondiy.design.DesignActivity_, com.chuangmeng.fashiondiy.guide.GuideActivity, com.chuangmeng.fashiondiy.preview.PreViewActivity_, com.chuangmeng.fashiondiy.preview.trywear.WaterCameraActivity, com.chuangmeng.fashiondiy.DisplayGarderobeActivity, com.chuangmeng.fashiondiy.preview.buy.ToBuyActivity_, com.chuangmeng.fashiondiy.AboutUsActivity, com.chuangmeng.fashiondiy.ConfirmDialog, com.chuangmeng.fashiondiy.DisplayDesignClothActivity, com.chuangmeng.fashiondiy.login.UserLoginActivity_, com.chuangmeng.fashiondiy.login.UserRegistActivity_, com.chuangmeng.fashiondiy.forum.ForumActivity, com.umeng.update.net.DownloadingService, com.chuangmeng.fashiondiy.service.SaveTrywearClothService], permissionQualifiedNames=[android.permission.WRITE_EXTERNAL_STORAGE, android.permission.ACCESS_NETWORK_STATE, android.permission.ACCESS_WIFI_STATE, android.permission.INTERNET, android.permission.READ_PHONE_STATE, android.permission.MOUNT_UNMOUNT_FILESYSTEMS, android.permission.READ_EXTERNAL_STORAGE, android.permission.READ_CALL_LOG, android.permission.READ_CONTACTS, android.permission.WAKE_LOCK, android.permission.CHANGE_WIFI_STATE, android.permission.CAMERA, android.permission.VIBRATE, android.permission.FLASHLIGHT], applicationClassName=com.chuangmeng.fashiondiy.base.FashionDiyApplication, libraryProject=false, debugabble=false, minSdkVersion=11, maxSdkVersion=-1, targetSdkVersion=20]
17:24:24.955 [Worker-35] INFO  o.a.r.ProjectRClassFinder:50 - Found project R class: com.chuangmeng.fashiondiy.R
17:24:24.963 [Worker-35] INFO  o.a.r.AndroidRClassFinder:44 - Found Android class: android.R
17:24:24.974 [Worker-35] INFO  o.a.p.ModelValidator:42 - Validating elements
17:24:24.975 [Worker-35] DEBUG o.a.p.ModelValidator:62 - Validating with EActivityHandler: [com.chuangmeng.fashiondiy.IndexActivity, com.chuangmeng.fashiondiy.preview.buy.ToBuyActivity, com.chuangmeng.fashiondiy.login.UserLoginActivity, com.chuangmeng.fashiondiy.design.DesignActivity, com.chuangmeng.fashiondiy.preview.PreViewActivity, com.chuangmeng.fashiondiy.login.UserRegistActivity, com.chuangmeng.fashiondiy.HomeActivity]
17:24:24.976 [Worker-35] DEBUG o.a.p.ModelValidator:62 - Validating with ViewByIdHandler: [preview_bottom_detail_ll, login_user_passwd_input, design_bottom_model_iv, design_buy_cloth_no_xxxl_bt, preview_to_clothset, preview_cloth_detail_viewpager, design_buy_cloth_no_xl_bt, design_bottom_camera_iv, view_home_female_iv, design_title_couple_include, design_cloth_detail_viewpager, design_bottom_operate_hide_iv, design_buy_cloth_ok_bt, design_model_operate_text_color_listview, design_buy_cloth_money_tv, user_regist_password_et, design_buy_cloth_num_add_bt, view_home_about_us_iv, design_couple_title_back_iv, design_buy_cloth_num_tv, design_bottom_detail_ll, view_home_help_iv, design_preview_buy_show_cfi, design_buy_cloth_no_l_bt, design_preview_buy_show_vf, design_couple_cloth_direction_rl, login_user_name_input, preview_title_back_iv, preview_bottom_save_iv, design_title_forward_iv, design_couple_title_female_front_iv, design_bottom_word_iv, design_cloth_child_title, user_regist_username_et, login_regist_first, view_home_clothespress_iv, design_couple_title_male_back_iv, user_regist_phonenum_et, view_home_male_iv, design_buy_cloth_num_sub_bt, view_home_couple_iv, design_title_preview_iv, design_buy_cloth_no_s_bt, design_buy_cloth_no_m_bt, design_cloth_direction_rl, login_meet_error, design_couple_title_male_front_iv, design_buy_cloth_no_xxl_bt, design_couple_title_female_back_iv, design_title_backward_iv, preview_bottom_buy_iv, preview_bottom_try_iv, design_bottom_pattern_iv, user_regist_validatedcode_et, login_start_login_btn, design_couple_title_male_front_iv, design_couple_title_female_back_iv, user_regist_get_validatedcode_bt, design_couple_title_female_front_iv, design_take_select_photo_rl, view_home_all_diy_iv, design_couple_title_male_back_iv, user_regist_regist_bt]
17:24:24.984 [Worker-35] DEBUG o.a.p.ModelValidator:62 - Validating with ClickHandler: [void design_title_forward_iv() , public void design_title_preview_iv() , void view_home_male_iv() , void login_meet_error() , void design_couple_title_female_front_iv() , void login_start_login_btn() , public void design_couple_title_female_back_iv() , public void design_couple_title_male_front_iv() , public void design_couple_title_back_iv() , void design_title_backward_iv() , public void design_bottom_word_iv() , void view_home_couple_iv() , public void design_couple_title_male_back_iv() , void user_regist_regist_bt() , public void design_bottom_model_iv() , public void design_select_local_photo_iv() , public void design_bottom_camera_iv() , public void design_couple_title_female_front_iv() , public void preview_to_clothset() , void view_home_help_iv() , void design_couple_title_male_front_iv() , public void design_couple_title_preview_iv() , void user_regist_get_validatedcode_bt() , void view_home_clothespress_iv() , public void preview_title_back_iv() , void design_couple_title_female_back_iv() , void login_regist_first() , public void design_bottom_background_iv() , void preview_bottom_try_iv() , public void design_title_forward_iv() , void view_home_about_us_iv() , void design_couple_title_male_back_iv() , public void design_bottom_operate_hide_iv() , public void design_take_photo_iv() , public void design_title_back_iv() , public void design_bottom_pattern_iv() , void preview_bottom_buy_iv() , void preview_bottom_save_iv() , void view_home_female_iv() , public void design_title_backward_iv() ]
17:24:24.998 [Worker-35] DEBUG o.a.p.ModelValidator:62 - Validating with AfterViewsHandler: [void isNetworkAvailable() , void initView() , void initData() , void initData() , void initView() , void initData() , void initData() ]
17:24:25.0 [Worker-35] INFO  o.a.p.ModelProcessor:73 - Processing root elements
17:24:25.0 [Worker-35] DEBUG o.a.p.ModelProcessor:80 - Processing root elements EActivityHandler: [com.chuangmeng.fashiondiy.IndexActivity, com.chuangmeng.fashiondiy.preview.buy.ToBuyActivity, com.chuangmeng.fashiondiy.login.UserLoginActivity, com.chuangmeng.fashiondiy.design.DesignActivity, com.chuangmeng.fashiondiy.preview.PreViewActivity, com.chuangmeng.fashiondiy.login.UserRegistActivity, com.chuangmeng.fashiondiy.HomeActivity]
17:24:25.11 [Worker-35] INFO  o.a.p.ModelProcessor:104 - Processing enclosed elements
17:24:25.16 [Worker-35] INFO  o.a.AndroidAnnotationProcessor:251 - Number of files generated by AndroidAnnotations: 7
17:24:25.17 [Worker-35] INFO  o.a.g.ApiCodeGenerator:52 - Writting following API classes in project: []
17:24:25.17 [Worker-35] DEBUG o.a.g.SourceCodewriter:55 - Generating class: com.chuangmeng.fashiondiy.preview.buy.ToBuyActivity_
17:24:25.23 [Worker-35] DEBUG o.a.g.SourceCodewriter:55 - Generating class: com.chuangmeng.fashiondiy.HomeActivity_
17:24:25.29 [Worker-35] DEBUG o.a.g.SourceCodewriter:55 - Generating class: com.chuangmeng.fashiondiy.IndexActivity_
17:24:25.33 [Worker-35] DEBUG o.a.g.SourceCodewriter:55 - Generating class: com.chuangmeng.fashiondiy.login.UserLoginActivity_
17:24:25.40 [Worker-35] DEBUG o.a.g.SourceCodewriter:55 - Generating class: com.chuangmeng.fashiondiy.login.UserRegistActivity_
17:24:25.46 [Worker-35] DEBUG o.a.g.SourceCodewriter:55 - Generating class: com.chuangmeng.fashiondiy.preview.PreViewActivity_
17:24:25.55 [Worker-35] DEBUG o.a.g.SourceCodewriter:55 - Generating class: com.chuangmeng.fashiondiy.design.DesignActivity_
17:24:25.68 [Worker-35] INFO  o.a.p.TimeStats:81 - Time measurements: [Whole Processing = 164 ms], [Generate Sources = 51 ms], [Extract Annotations = 41 ms], [Validate Annotations = 25 ms], [Find R Classes = 18 ms], [Process Annotations = 17 ms], [Extract Manifest = 9 ms], 
17:24:25.68 [Worker-35] INFO  o.a.AndroidAnnotationProcessor:123 - Finish processing
17:24:36.302 [Worker-36] INFO  o.a.AndroidAnnotationProcessor:85 - Initialize AndroidAnnotations 3.0.1 with options {phase=BUILD}
17:24:52.118 [Worker-38] INFO  o.a.AndroidAnnotationProcessor:85 - Initialize AndroidAnnotations 3.0.1 with options {phase=BUILD}
17:24:52.120 [Worker-38] INFO  o.a.AndroidAnnotationProcessor:109 - Start processing for 4 annotations on 2 elements
17:24:52.135 [Worker-38] DEBUG o.a.h.AndroidManifestFinder:137 - AndroidManifest.xml file found in parent folder /Users/hch/Documents/Git/FashionDiy: /Users/hch/Documents/Git/FashionDiy/AndroidManifest.xml
17:24:52.138 [Worker-38] WARN  o.a.h.AndroidManifestFinder:252 - A class activity declared in the AndroidManifest.xml cannot be found in the compile path: [com.tencent.tauth.AuthActivity]
17:24:52.139 [Worker-38] WARN  o.a.h.AndroidManifestFinder:252 - A class activity declared in the AndroidManifest.xml cannot be found in the compile path: [com.tencent.connect.common.AssistActivity]
17:24:52.142 [Worker-38] INFO  o.a.AndroidAnnotationProcessor:172 - AndroidManifest.xml found: AndroidManifest [applicationPackage=com.chuangmeng.fashiondiy, componentQualifiedNames=[com.chuangmeng.fashiondiy.IndexActivity_, com.umeng.update.UpdateDialogActivity, com.umeng.socialize.view.ShareActivity, com.chuangmeng.fashiondiy.HomeActivity_, com.chuangmeng.fashiondiy.design.DesignActivity_, com.chuangmeng.fashiondiy.guide.GuideActivity, com.chuangmeng.fashiondiy.preview.PreViewActivity_, com.chuangmeng.fashiondiy.preview.trywear.WaterCameraActivity, com.chuangmeng.fashiondiy.DisplayGarderobeActivity, com.chuangmeng.fashiondiy.preview.buy.ToBuyActivity_, com.chuangmeng.fashiondiy.AboutUsActivity, com.chuangmeng.fashiondiy.ConfirmDialog, com.chuangmeng.fashiondiy.DisplayDesignClothActivity, com.chuangmeng.fashiondiy.login.UserLoginActivity_, com.chuangmeng.fashiondiy.login.UserRegistActivity_, com.chuangmeng.fashiondiy.forum.ForumActivity, com.umeng.update.net.DownloadingService, com.chuangmeng.fashiondiy.service.SaveTrywearClothService], permissionQualifiedNames=[android.permission.WRITE_EXTERNAL_STORAGE, android.permission.ACCESS_NETWORK_STATE, android.permission.ACCESS_WIFI_STATE, android.permission.INTERNET, android.permission.READ_PHONE_STATE, android.permission.MOUNT_UNMOUNT_FILESYSTEMS, android.permission.READ_EXTERNAL_STORAGE, android.permission.READ_CALL_LOG, android.permission.READ_CONTACTS, android.permission.WAKE_LOCK, android.permission.CHANGE_WIFI_STATE, android.permission.CAMERA, android.permission.VIBRATE, android.permission.FLASHLIGHT], applicationClassName=com.chuangmeng.fashiondiy.base.FashionDiyApplication, libraryProject=false, debugabble=false, minSdkVersion=11, maxSdkVersion=-1, targetSdkVersion=20]
17:24:52.142 [Worker-38] INFO  o.a.r.ProjectRClassFinder:50 - Found project R class: com.chuangmeng.fashiondiy.R
17:24:52.149 [Worker-38] INFO  o.a.r.AndroidRClassFinder:44 - Found Android class: android.R
17:24:52.154 [Worker-38] INFO  o.a.p.ModelValidator:42 - Validating elements
17:24:52.155 [Worker-38] DEBUG o.a.p.ModelValidator:62 - Validating with EActivityHandler: [com.chuangmeng.fashiondiy.design.DesignActivity]
17:24:52.156 [Worker-38] DEBUG o.a.p.ModelValidator:62 - Validating with ViewByIdHandler: [design_couple_title_male_front_iv, design_couple_title_back_iv, design_bottom_camera_iv, design_bottom_pattern_iv, design_bottom_word_iv, design_model_operate_text_color_listview, design_title_preview_iv, design_title_couple_include, design_bottom_model_iv, design_cloth_child_title, design_couple_title_male_back_iv, design_bottom_detail_ll, design_take_select_photo_rl, design_cloth_detail_viewpager, design_bottom_operate_hide_iv, design_couple_title_female_back_iv, design_couple_title_female_front_iv]
17:24:52.161 [Worker-38] DEBUG o.a.p.ModelValidator:62 - Validating with ClickHandler: [public void design_bottom_model_iv() , public void design_bottom_pattern_iv() , public void design_couple_title_male_back_iv() , public void design_couple_title_female_back_iv() , public void design_title_forward_iv() , public void design_couple_title_back_iv() , public void design_take_photo_iv() , public void design_title_back_iv() , public void design_couple_title_female_front_iv() , public void design_couple_title_preview_iv() , public void design_title_backward_iv() , public void design_bottom_word_iv() , public void design_title_preview_iv() , public void design_bottom_camera_iv() , public void design_select_local_photo_iv() , public void design_bottom_operate_hide_iv() , public void design_bottom_background_iv() , public void design_couple_title_male_front_iv() ]
17:24:52.168 [Worker-38] DEBUG o.a.p.ModelValidator:62 - Validating with AfterViewsHandler: [void initData() ]
17:24:52.169 [Worker-38] INFO  o.a.p.ModelProcessor:73 - Processing root elements
17:24:52.170 [Worker-38] DEBUG o.a.p.ModelProcessor:80 - Processing root elements EActivityHandler: [com.chuangmeng.fashiondiy.design.DesignActivity]
17:24:52.174 [Worker-38] INFO  o.a.p.ModelProcessor:104 - Processing enclosed elements
17:24:52.177 [Worker-38] INFO  o.a.AndroidAnnotationProcessor:251 - Number of files generated by AndroidAnnotations: 1
17:24:52.178 [Worker-38] INFO  o.a.g.ApiCodeGenerator:52 - Writting following API classes in project: []
17:24:52.178 [Worker-38] DEBUG o.a.g.SourceCodewriter:55 - Generating class: com.chuangmeng.fashiondiy.design.DesignActivity_
17:24:52.191 [Worker-38] INFO  o.a.p.TimeStats:81 - Time measurements: [Whole Processing = 71 ms], [Extract Annotations = 14 ms], [Validate Annotations = 14 ms], [Generate Sources = 14 ms], [Find R Classes = 12 ms], [Process Annotations = 9 ms], [Extract Manifest = 7 ms], 
17:24:52.192 [Worker-38] INFO  o.a.AndroidAnnotationProcessor:123 - Finish processing
17:24:53.643 [Worker-35] INFO  o.a.AndroidAnnotationProcessor:85 - Initialize AndroidAnnotations 3.0.1 with options {phase=BUILD}
17:24:53.644 [Worker-35] INFO  o.a.AndroidAnnotationProcessor:109 - Start processing for 4 annotations on 1 elements
17:24:53.655 [Worker-35] DEBUG o.a.h.AndroidManifestFinder:137 - AndroidManifest.xml file found in parent folder /Users/hch/Documents/Git/FashionDiy: /Users/hch/Documents/Git/FashionDiy/AndroidManifest.xml
17:24:53.658 [Worker-35] WARN  o.a.h.AndroidManifestFinder:252 - A class activity declared in the AndroidManifest.xml cannot be found in the compile path: [com.tencent.tauth.AuthActivity]
17:24:53.659 [Worker-35] WARN  o.a.h.AndroidManifestFinder:252 - A class activity declared in the AndroidManifest.xml cannot be found in the compile path: [com.tencent.connect.common.AssistActivity]
17:24:53.662 [Worker-35] INFO  o.a.AndroidAnnotationProcessor:172 - AndroidManifest.xml found: AndroidManifest [applicationPackage=com.chuangmeng.fashiondiy, componentQualifiedNames=[com.chuangmeng.fashiondiy.IndexActivity_, com.umeng.update.UpdateDialogActivity, com.umeng.socialize.view.ShareActivity, com.chuangmeng.fashiondiy.HomeActivity_, com.chuangmeng.fashiondiy.design.DesignActivity_, com.chuangmeng.fashiondiy.guide.GuideActivity, com.chuangmeng.fashiondiy.preview.PreViewActivity_, com.chuangmeng.fashiondiy.preview.trywear.WaterCameraActivity, com.chuangmeng.fashiondiy.DisplayGarderobeActivity, com.chuangmeng.fashiondiy.preview.buy.ToBuyActivity_, com.chuangmeng.fashiondiy.AboutUsActivity, com.chuangmeng.fashiondiy.ConfirmDialog, com.chuangmeng.fashiondiy.DisplayDesignClothActivity, com.chuangmeng.fashiondiy.login.UserLoginActivity_, com.chuangmeng.fashiondiy.login.UserRegistActivity_, com.chuangmeng.fashiondiy.forum.ForumActivity, com.umeng.update.net.DownloadingService, com.chuangmeng.fashiondiy.service.SaveTrywearClothService], permissionQualifiedNames=[android.permission.WRITE_EXTERNAL_STORAGE, android.permission.ACCESS_NETWORK_STATE, android.permission.ACCESS_WIFI_STATE, android.permission.INTERNET, android.permission.READ_PHONE_STATE, android.permission.MOUNT_UNMOUNT_FILESYSTEMS, android.permission.READ_EXTERNAL_STORAGE, android.permission.READ_CALL_LOG, android.permission.READ_CONTACTS, android.permission.WAKE_LOCK, android.permission.CHANGE_WIFI_STATE, android.permission.CAMERA, android.permission.VIBRATE, android.permission.FLASHLIGHT], applicationClassName=com.chuangmeng.fashiondiy.base.FashionDiyApplication, libraryProject=false, debugabble=false, minSdkVersion=11, maxSdkVersion=-1, targetSdkVersion=20]
17:24:53.663 [Worker-35] INFO  o.a.r.ProjectRClassFinder:50 - Found project R class: com.chuangmeng.fashiondiy.R
17:24:53.666 [Worker-35] INFO  o.a.r.AndroidRClassFinder:44 - Found Android class: android.R
17:24:53.673 [Worker-35] INFO  o.a.p.ModelValidator:42 - Validating elements
17:24:53.674 [Worker-35] DEBUG o.a.p.ModelValidator:62 - Validating with EActivityHandler: [com.chuangmeng.fashiondiy.design.DesignActivity]
17:24:53.675 [Worker-35] DEBUG o.a.p.ModelValidator:62 - Validating with ViewByIdHandler: [design_take_select_photo_rl, design_cloth_child_title, design_bottom_operate_hide_iv, design_couple_title_female_back_iv, design_title_couple_include, design_model_operate_text_color_listview, design_cloth_detail_viewpager, design_couple_title_male_back_iv, design_title_preview_iv, design_couple_title_back_iv, design_bottom_pattern_iv, design_couple_title_female_front_iv, design_bottom_camera_iv, design_couple_title_male_front_iv, design_bottom_detail_ll, design_bottom_model_iv, design_bottom_word_iv]
17:24:53.679 [Worker-35] DEBUG o.a.p.ModelValidator:62 - Validating with ClickHandler: [public void design_couple_title_male_back_iv() , public void design_couple_title_female_front_iv() , public void design_couple_title_female_back_iv() , public void design_couple_title_male_front_iv() , public void design_bottom_model_iv() , public void design_bottom_operate_hide_iv() , public void design_couple_title_preview_iv() , public void design_title_preview_iv() , public void design_title_backward_iv() , public void design_bottom_camera_iv() , public void design_title_forward_iv() , public void design_take_photo_iv() , public void design_select_local_photo_iv() , public void design_bottom_word_iv() , public void design_title_back_iv() , public void design_bottom_background_iv() , public void design_couple_title_back_iv() , public void design_bottom_pattern_iv() ]
17:24:53.685 [Worker-35] DEBUG o.a.p.ModelValidator:62 - Validating with AfterViewsHandler: [void initData() ]
17:24:53.686 [Worker-35] INFO  o.a.p.ModelProcessor:73 - Processing root elements
17:24:53.687 [Worker-35] DEBUG o.a.p.ModelProcessor:80 - Processing root elements EActivityHandler: [com.chuangmeng.fashiondiy.design.DesignActivity]
17:24:53.690 [Worker-35] INFO  o.a.p.ModelProcessor:104 - Processing enclosed elements
17:24:53.692 [Worker-35] INFO  o.a.AndroidAnnotationProcessor:251 - Number of files generated by AndroidAnnotations: 1
17:24:53.694 [Worker-35] INFO  o.a.g.ApiCodeGenerator:52 - Writting following API classes in project: []
17:24:53.694 [Worker-35] DEBUG o.a.g.SourceCodewriter:55 - Generating class: com.chuangmeng.fashiondiy.design.DesignActivity_
17:24:53.708 [Worker-35] INFO  o.a.p.TimeStats:81 - Time measurements: [Whole Processing = 64 ms], [Generate Sources = 16 ms], [Validate Annotations = 13 ms], [Extract Annotations = 10 ms], [Find R Classes = 10 ms], [Extract Manifest = 7 ms], [Process Annotations = 6 ms], 
17:24:53.708 [Worker-35] INFO  o.a.AndroidAnnotationProcessor:123 - Finish processing
17:24:59.444 [Worker-32] INFO  o.a.AndroidAnnotationProcessor:85 - Initialize AndroidAnnotations 3.0.1 with options {phase=BUILD}
17:24:59.445 [Worker-32] INFO  o.a.AndroidAnnotationProcessor:109 - Start processing for 4 annotations on 2 elements
17:24:59.462 [Worker-32] DEBUG o.a.h.AndroidManifestFinder:137 - AndroidManifest.xml file found in parent folder /Users/hch/Documents/Git/FashionDiy: /Users/hch/Documents/Git/FashionDiy/AndroidManifest.xml
17:24:59.465 [Worker-32] WARN  o.a.h.AndroidManifestFinder:252 - A class activity declared in the AndroidManifest.xml cannot be found in the compile path: [com.tencent.tauth.AuthActivity]
17:24:59.465 [Worker-32] WARN  o.a.h.AndroidManifestFinder:252 - A class activity declared in the AndroidManifest.xml cannot be found in the compile path: [com.tencent.connect.common.AssistActivity]
17:24:59.468 [Worker-32] INFO  o.a.AndroidAnnotationProcessor:172 - AndroidManifest.xml found: AndroidManifest [applicationPackage=com.chuangmeng.fashiondiy, componentQualifiedNames=[com.chuangmeng.fashiondiy.IndexActivity_, com.umeng.update.UpdateDialogActivity, com.umeng.socialize.view.ShareActivity, com.chuangmeng.fashiondiy.HomeActivity_, com.chuangmeng.fashiondiy.design.DesignActivity_, com.chuangmeng.fashiondiy.guide.GuideActivity, com.chuangmeng.fashiondiy.preview.PreViewActivity_, com.chuangmeng.fashiondiy.preview.trywear.WaterCameraActivity, com.chuangmeng.fashiondiy.DisplayGarderobeActivity, com.chuangmeng.fashiondiy.preview.buy.ToBuyActivity_, com.chuangmeng.fashiondiy.AboutUsActivity, com.chuangmeng.fashiondiy.ConfirmDialog, com.chuangmeng.fashiondiy.DisplayDesignClothActivity, com.chuangmeng.fashiondiy.login.UserLoginActivity_, com.chuangmeng.fashiondiy.login.UserRegistActivity_, com.chuangmeng.fashiondiy.forum.ForumActivity, com.umeng.update.net.DownloadingService, com.chuangmeng.fashiondiy.service.SaveTrywearClothService], permissionQualifiedNames=[android.permission.WRITE_EXTERNAL_STORAGE, android.permission.ACCESS_NETWORK_STATE, android.permission.ACCESS_WIFI_STATE, android.permission.INTERNET, android.permission.READ_PHONE_STATE, android.permission.MOUNT_UNMOUNT_FILESYSTEMS, android.permission.READ_EXTERNAL_STORAGE, android.permission.READ_CALL_LOG, android.permission.READ_CONTACTS, android.permission.WAKE_LOCK, android.permission.CHANGE_WIFI_STATE, android.permission.CAMERA, android.permission.VIBRATE, android.permission.FLASHLIGHT], applicationClassName=com.chuangmeng.fashiondiy.base.FashionDiyApplication, libraryProject=false, debugabble=false, minSdkVersion=11, maxSdkVersion=-1, targetSdkVersion=20]
17:24:59.469 [Worker-32] INFO  o.a.r.ProjectRClassFinder:50 - Found project R class: com.chuangmeng.fashiondiy.R
17:24:59.475 [Worker-32] INFO  o.a.r.AndroidRClassFinder:44 - Found Android class: android.R
17:24:59.479 [Worker-32] INFO  o.a.p.ModelValidator:42 - Validating elements
17:24:59.480 [Worker-32] DEBUG o.a.p.ModelValidator:62 - Validating with EActivityHandler: [com.chuangmeng.fashiondiy.preview.PreViewActivity]
17:24:59.481 [Worker-32] DEBUG o.a.p.ModelValidator:62 - Validating with ViewByIdHandler: [preview_bottom_save_iv, design_title_backward_iv, design_couple_cloth_direction_rl, preview_title_back_iv, design_title_forward_iv, design_couple_title_female_back_iv, preview_bottom_buy_iv, preview_bottom_try_iv, design_cloth_direction_rl, preview_to_clothset, preview_cloth_detail_viewpager, preview_bottom_detail_ll, design_couple_title_female_front_iv, design_couple_title_male_back_iv, design_couple_title_male_front_iv]
17:24:59.484 [Worker-32] DEBUG o.a.p.ModelValidator:62 - Validating with ClickHandler: [void design_title_forward_iv() , void design_couple_title_female_back_iv() , void design_couple_title_female_front_iv() , void preview_bottom_try_iv() , public void preview_title_back_iv() , void preview_bottom_buy_iv() , void design_title_backward_iv() , void design_couple_title_male_back_iv() , public void preview_to_clothset() , void preview_bottom_save_iv() , void design_couple_title_male_front_iv() ]
17:24:59.486 [Worker-32] DEBUG o.a.p.ModelValidator:62 - Validating with AfterViewsHandler: [void initData() ]
17:24:59.487 [Worker-32] INFO  o.a.p.ModelProcessor:73 - Processing root elements
17:24:59.488 [Worker-32] DEBUG o.a.p.ModelProcessor:80 - Processing root elements EActivityHandler: [com.chuangmeng.fashiondiy.preview.PreViewActivity]
17:24:59.490 [Worker-32] INFO  o.a.p.ModelProcessor:104 - Processing enclosed elements
17:24:59.492 [Worker-32] INFO  o.a.AndroidAnnotationProcessor:251 - Number of files generated by AndroidAnnotations: 1
17:24:59.493 [Worker-32] INFO  o.a.g.ApiCodeGenerator:52 - Writting following API classes in project: []
17:24:59.494 [Worker-32] DEBUG o.a.g.SourceCodewriter:55 - Generating class: com.chuangmeng.fashiondiy.preview.PreViewActivity_
17:24:59.505 [Worker-32] INFO  o.a.p.TimeStats:81 - Time measurements: [Whole Processing = 60 ms], [Extract Annotations = 15 ms], [Generate Sources = 13 ms], [Find R Classes = 10 ms], [Validate Annotations = 8 ms], [Extract Manifest = 7 ms], [Process Annotations = 5 ms], 
17:24:59.506 [Worker-32] INFO  o.a.AndroidAnnotationProcessor:123 - Finish processing
17:25:01.19 [Worker-31] INFO  o.a.AndroidAnnotationProcessor:85 - Initialize AndroidAnnotations 3.0.1 with options {phase=BUILD}
17:25:01.20 [Worker-31] INFO  o.a.AndroidAnnotationProcessor:109 - Start processing for 4 annotations on 2 elements
17:25:01.34 [Worker-31] DEBUG o.a.h.AndroidManifestFinder:137 - AndroidManifest.xml file found in parent folder /Users/hch/Documents/Git/FashionDiy: /Users/hch/Documents/Git/FashionDiy/AndroidManifest.xml
17:25:01.41 [Worker-31] WARN  o.a.h.AndroidManifestFinder:252 - A class activity declared in the AndroidManifest.xml cannot be found in the compile path: [com.tencent.tauth.AuthActivity]
17:25:01.42 [Worker-31] WARN  o.a.h.AndroidManifestFinder:252 - A class activity declared in the AndroidManifest.xml cannot be found in the compile path: [com.tencent.connect.common.AssistActivity]
17:25:01.45 [Worker-31] INFO  o.a.AndroidAnnotationProcessor:172 - AndroidManifest.xml found: AndroidManifest [applicationPackage=com.chuangmeng.fashiondiy, componentQualifiedNames=[com.chuangmeng.fashiondiy.IndexActivity_, com.umeng.update.UpdateDialogActivity, com.umeng.socialize.view.ShareActivity, com.chuangmeng.fashiondiy.HomeActivity_, com.chuangmeng.fashiondiy.design.DesignActivity_, com.chuangmeng.fashiondiy.guide.GuideActivity, com.chuangmeng.fashiondiy.preview.PreViewActivity_, com.chuangmeng.fashiondiy.preview.trywear.WaterCameraActivity, com.chuangmeng.fashiondiy.DisplayGarderobeActivity, com.chuangmeng.fashiondiy.preview.buy.ToBuyActivity_, com.chuangmeng.fashiondiy.AboutUsActivity, com.chuangmeng.fashiondiy.ConfirmDialog, com.chuangmeng.fashiondiy.DisplayDesignClothActivity, com.chuangmeng.fashiondiy.login.UserLoginActivity_, com.chuangmeng.fashiondiy.login.UserRegistActivity_, com.chuangmeng.fashiondiy.forum.ForumActivity, com.umeng.update.net.DownloadingService, com.chuangmeng.fashiondiy.service.SaveTrywearClothService], permissionQualifiedNames=[android.permission.WRITE_EXTERNAL_STORAGE, android.permission.ACCESS_NETWORK_STATE, android.permission.ACCESS_WIFI_STATE, android.permission.INTERNET, android.permission.READ_PHONE_STATE, android.permission.MOUNT_UNMOUNT_FILESYSTEMS, android.permission.READ_EXTERNAL_STORAGE, android.permission.READ_CALL_LOG, android.permission.READ_CONTACTS, android.permission.WAKE_LOCK, android.permission.CHANGE_WIFI_STATE, android.permission.CAMERA, android.permission.VIBRATE, android.permission.FLASHLIGHT], applicationClassName=com.chuangmeng.fashiondiy.base.FashionDiyApplication, libraryProject=false, debugabble=false, minSdkVersion=11, maxSdkVersion=-1, targetSdkVersion=20]
17:25:01.45 [Worker-31] INFO  o.a.r.ProjectRClassFinder:50 - Found project R class: com.chuangmeng.fashiondiy.R
17:25:01.52 [Worker-31] INFO  o.a.r.AndroidRClassFinder:44 - Found Android class: android.R
17:25:01.58 [Worker-31] INFO  o.a.p.ModelValidator:42 - Validating elements
17:25:01.58 [Worker-31] DEBUG o.a.p.ModelValidator:62 - Validating with EActivityHandler: [com.chuangmeng.fashiondiy.preview.PreViewActivity]
17:25:01.59 [Worker-31] DEBUG o.a.p.ModelValidator:62 - Validating with ViewByIdHandler: [preview_bottom_detail_ll, design_couple_cloth_direction_rl, design_title_backward_iv, preview_bottom_save_iv, design_cloth_direction_rl, preview_title_back_iv, design_couple_title_female_front_iv, preview_bottom_buy_iv, preview_cloth_detail_viewpager, design_couple_title_male_back_iv, preview_to_clothset, preview_bottom_try_iv, design_title_forward_iv, design_couple_title_female_back_iv, design_couple_title_male_front_iv]
17:25:01.62 [Worker-31] DEBUG o.a.p.ModelValidator:62 - Validating with ClickHandler: [void design_couple_title_male_back_iv() , void design_couple_title_female_front_iv() , public void preview_to_clothset() , public void preview_title_back_iv() , void design_couple_title_female_back_iv() , void preview_bottom_save_iv() , void preview_bottom_try_iv() , void design_title_forward_iv() , void design_couple_title_male_front_iv() , void preview_bottom_buy_iv() , void design_title_backward_iv() ]
17:25:01.65 [Worker-31] DEBUG o.a.p.ModelValidator:62 - Validating with AfterViewsHandler: [void initData() ]
17:25:01.66 [Worker-31] INFO  o.a.p.ModelProcessor:73 - Processing root elements
17:25:01.66 [Worker-31] DEBUG o.a.p.ModelProcessor:80 - Processing root elements EActivityHandler: [com.chuangmeng.fashiondiy.preview.PreViewActivity]
17:25:01.70 [Worker-31] INFO  o.a.p.ModelProcessor:104 - Processing enclosed elements
17:25:01.76 [Worker-31] INFO  o.a.AndroidAnnotationProcessor:251 - Number of files generated by AndroidAnnotations: 1
17:25:01.76 [Worker-31] INFO  o.a.g.ApiCodeGenerator:52 - Writting following API classes in project: []
17:25:01.77 [Worker-31] DEBUG o.a.g.SourceCodewriter:55 - Generating class: com.chuangmeng.fashiondiy.preview.PreViewActivity_
17:25:01.90 [Worker-31] INFO  o.a.p.TimeStats:81 - Time measurements: [Whole Processing = 69 ms], [Extract Annotations = 13 ms], [Find R Classes = 13 ms], [Generate Sources = 13 ms], [Extract Manifest = 11 ms], [Process Annotations = 10 ms], [Validate Annotations = 8 ms], 
17:25:01.90 [Worker-31] INFO  o.a.AndroidAnnotationProcessor:123 - Finish processing
17:25:18.755 [Worker-38] INFO  o.a.AndroidAnnotationProcessor:85 - Initialize AndroidAnnotations 3.0.1 with options {phase=BUILD}
17:25:18.756 [Worker-38] INFO  o.a.AndroidAnnotationProcessor:109 - Start processing for 4 annotations on 1 elements
17:25:18.771 [Worker-38] DEBUG o.a.h.AndroidManifestFinder:137 - AndroidManifest.xml file found in parent folder /Users/hch/Documents/Git/FashionDiy: /Users/hch/Documents/Git/FashionDiy/AndroidManifest.xml
17:25:18.774 [Worker-38] WARN  o.a.h.AndroidManifestFinder:252 - A class activity declared in the AndroidManifest.xml cannot be found in the compile path: [com.tencent.tauth.AuthActivity]
17:25:18.775 [Worker-38] WARN  o.a.h.AndroidManifestFinder:252 - A class activity declared in the AndroidManifest.xml cannot be found in the compile path: [com.tencent.connect.common.AssistActivity]
17:25:18.780 [Worker-38] INFO  o.a.AndroidAnnotationProcessor:172 - AndroidManifest.xml found: AndroidManifest [applicationPackage=com.chuangmeng.fashiondiy, componentQualifiedNames=[com.chuangmeng.fashiondiy.IndexActivity_, com.umeng.update.UpdateDialogActivity, com.umeng.socialize.view.ShareActivity, com.chuangmeng.fashiondiy.HomeActivity_, com.chuangmeng.fashiondiy.design.DesignActivity_, com.chuangmeng.fashiondiy.guide.GuideActivity, com.chuangmeng.fashiondiy.preview.PreViewActivity_, com.chuangmeng.fashiondiy.preview.trywear.WaterCameraActivity, com.chuangmeng.fashiondiy.DisplayGarderobeActivity, com.chuangmeng.fashiondiy.preview.buy.ToBuyActivity_, com.chuangmeng.fashiondiy.AboutUsActivity, com.chuangmeng.fashiondiy.ConfirmDialog, com.chuangmeng.fashiondiy.DisplayDesignClothActivity, com.chuangmeng.fashiondiy.login.UserLoginActivity_, com.chuangmeng.fashiondiy.login.UserRegistActivity_, com.chuangmeng.fashiondiy.forum.ForumActivity, com.umeng.update.net.DownloadingService, com.chuangmeng.fashiondiy.service.SaveTrywearClothService], permissionQualifiedNames=[android.permission.WRITE_EXTERNAL_STORAGE, android.permission.ACCESS_NETWORK_STATE, android.permission.ACCESS_WIFI_STATE, android.permission.INTERNET, android.permission.READ_PHONE_STATE, android.permission.MOUNT_UNMOUNT_FILESYSTEMS, android.permission.READ_EXTERNAL_STORAGE, android.permission.READ_CALL_LOG, android.permission.READ_CONTACTS, android.permission.WAKE_LOCK, android.permission.CHANGE_WIFI_STATE, android.permission.CAMERA, android.permission.VIBRATE, android.permission.FLASHLIGHT], applicationClassName=com.chuangmeng.fashiondiy.base.FashionDiyApplication, libraryProject=false, debugabble=false, minSdkVersion=11, maxSdkVersion=-1, targetSdkVersion=20]
17:25:18.781 [Worker-38] INFO  o.a.r.ProjectRClassFinder:50 - Found project R class: com.chuangmeng.fashiondiy.R
17:25:18.784 [Worker-38] INFO  o.a.r.AndroidRClassFinder:44 - Found Android class: android.R
17:25:18.791 [Worker-38] INFO  o.a.p.ModelValidator:42 - Validating elements
17:25:18.791 [Worker-38] DEBUG o.a.p.ModelValidator:62 - Validating with EActivityHandler: [com.chuangmeng.fashiondiy.preview.PreViewActivity]
17:25:18.792 [Worker-38] DEBUG o.a.p.ModelValidator:62 - Validating with ViewByIdHandler: [design_title_forward_iv, design_title_backward_iv, design_couple_cloth_direction_rl, design_couple_title_male_back_iv, design_couple_title_female_back_iv, preview_to_clothset, design_cloth_direction_rl, design_couple_title_male_front_iv, preview_cloth_detail_viewpager, preview_bottom_detail_ll, preview_bottom_save_iv, design_couple_title_female_front_iv, preview_title_back_iv, preview_bottom_try_iv, preview_bottom_buy_iv]
17:25:18.799 [Worker-38] DEBUG o.a.p.ModelValidator:62 - Validating with ClickHandler: [void preview_bottom_save_iv() , void preview_bottom_try_iv() , void design_couple_title_female_front_iv() , void design_title_forward_iv() , void design_title_backward_iv() , public void preview_to_clothset() , public void preview_title_back_iv() , void design_couple_title_male_front_iv() , void preview_bottom_buy_iv() , void design_couple_title_male_back_iv() , void design_couple_title_female_back_iv() ]
17:25:18.802 [Worker-38] DEBUG o.a.p.ModelValidator:62 - Validating with AfterViewsHandler: [void initData() ]
17:25:18.803 [Worker-38] INFO  o.a.p.ModelProcessor:73 - Processing root elements
17:25:18.804 [Worker-38] DEBUG o.a.p.ModelProcessor:80 - Processing root elements EActivityHandler: [com.chuangmeng.fashiondiy.preview.PreViewActivity]
17:25:18.808 [Worker-38] INFO  o.a.p.ModelProcessor:104 - Processing enclosed elements
17:25:18.810 [Worker-38] INFO  o.a.AndroidAnnotationProcessor:251 - Number of files generated by AndroidAnnotations: 1
17:25:18.811 [Worker-38] INFO  o.a.g.ApiCodeGenerator:52 - Writting following API classes in project: []
17:25:18.811 [Worker-38] DEBUG o.a.g.SourceCodewriter:55 - Generating class: com.chuangmeng.fashiondiy.preview.PreViewActivity_
17:25:18.825 [Worker-38] INFO  o.a.p.TimeStats:81 - Time measurements: [Whole Processing = 69 ms], [Generate Sources = 15 ms], [Extract Annotations = 13 ms], [Validate Annotations = 13 ms], [Extract Manifest = 9 ms], [Find R Classes = 9 ms], [Process Annotations = 7 ms], 
17:25:18.826 [Worker-38] INFO  o.a.AndroidAnnotationProcessor:123 - Finish processing
17:25:24.665 [Worker-37] INFO  o.a.AndroidAnnotationProcessor:85 - Initialize AndroidAnnotations 3.0.1 with options {phase=BUILD}
17:25:24.666 [Worker-37] INFO  o.a.AndroidAnnotationProcessor:109 - Start processing for 4 annotations on 2 elements
17:25:24.680 [Worker-37] DEBUG o.a.h.AndroidManifestFinder:137 - AndroidManifest.xml file found in parent folder /Users/hch/Documents/Git/FashionDiy: /Users/hch/Documents/Git/FashionDiy/AndroidManifest.xml
17:25:24.685 [Worker-37] WARN  o.a.h.AndroidManifestFinder:252 - A class activity declared in the AndroidManifest.xml cannot be found in the compile path: [com.tencent.tauth.AuthActivity]
17:25:24.686 [Worker-37] WARN  o.a.h.AndroidManifestFinder:252 - A class activity declared in the AndroidManifest.xml cannot be found in the compile path: [com.tencent.connect.common.AssistActivity]
17:25:24.689 [Worker-37] INFO  o.a.AndroidAnnotationProcessor:172 - AndroidManifest.xml found: AndroidManifest [applicationPackage=com.chuangmeng.fashiondiy, componentQualifiedNames=[com.chuangmeng.fashiondiy.IndexActivity_, com.umeng.update.UpdateDialogActivity, com.umeng.socialize.view.ShareActivity, com.chuangmeng.fashiondiy.HomeActivity_, com.chuangmeng.fashiondiy.design.DesignActivity_, com.chuangmeng.fashiondiy.guide.GuideActivity, com.chuangmeng.fashiondiy.preview.PreViewActivity_, com.chuangmeng.fashiondiy.preview.trywear.WaterCameraActivity, com.chuangmeng.fashiondiy.DisplayGarderobeActivity, com.chuangmeng.fashiondiy.preview.buy.ToBuyActivity_, com.chuangmeng.fashiondiy.AboutUsActivity, com.chuangmeng.fashiondiy.ConfirmDialog, com.chuangmeng.fashiondiy.DisplayDesignClothActivity, com.chuangmeng.fashiondiy.login.UserLoginActivity_, com.chuangmeng.fashiondiy.login.UserRegistActivity_, com.chuangmeng.fashiondiy.forum.ForumActivity, com.umeng.update.net.DownloadingService, com.chuangmeng.fashiondiy.service.SaveTrywearClothService], permissionQualifiedNames=[android.permission.WRITE_EXTERNAL_STORAGE, android.permission.ACCESS_NETWORK_STATE, android.permission.ACCESS_WIFI_STATE, android.permission.INTERNET, android.permission.READ_PHONE_STATE, android.permission.MOUNT_UNMOUNT_FILESYSTEMS, android.permission.READ_EXTERNAL_STORAGE, android.permission.READ_CALL_LOG, android.permission.READ_CONTACTS, android.permission.WAKE_LOCK, android.permission.CHANGE_WIFI_STATE, android.permission.CAMERA, android.permission.VIBRATE, android.permission.FLASHLIGHT], applicationClassName=com.chuangmeng.fashiondiy.base.FashionDiyApplication, libraryProject=false, debugabble=false, minSdkVersion=11, maxSdkVersion=-1, targetSdkVersion=20]
17:25:24.692 [Worker-37] INFO  o.a.r.ProjectRClassFinder:50 - Found project R class: com.chuangmeng.fashiondiy.R
17:25:24.699 [Worker-37] INFO  o.a.r.AndroidRClassFinder:44 - Found Android class: android.R
17:25:24.704 [Worker-37] INFO  o.a.p.ModelValidator:42 - Validating elements
17:25:24.706 [Worker-37] DEBUG o.a.p.ModelValidator:62 - Validating with EActivityHandler: [com.chuangmeng.fashiondiy.HomeActivity]
17:25:24.706 [Worker-37] DEBUG o.a.p.ModelValidator:62 - Validating with ViewByIdHandler: [view_home_clothespress_iv, view_home_male_iv, view_home_female_iv, view_home_all_diy_iv, view_home_couple_iv, view_home_help_iv, view_home_about_us_iv]
17:25:24.708 [Worker-37] DEBUG o.a.p.ModelValidator:62 - Validating with ClickHandler: [void view_home_couple_iv() , void view_home_clothespress_iv() , void view_home_male_iv() , void view_home_female_iv() , void view_home_about_us_iv() , void view_home_help_iv() ]
17:25:24.709 [Worker-37] DEBUG o.a.p.ModelValidator:62 - Validating with AfterViewsHandler: [void initView() ]
17:25:24.710 [Worker-37] INFO  o.a.p.ModelProcessor:73 - Processing root elements
17:25:24.711 [Worker-37] DEBUG o.a.p.ModelProcessor:80 - Processing root elements EActivityHandler: [com.chuangmeng.fashiondiy.HomeActivity]
17:25:24.713 [Worker-37] INFO  o.a.p.ModelProcessor:104 - Processing enclosed elements
17:25:24.715 [Worker-37] INFO  o.a.AndroidAnnotationProcessor:251 - Number of files generated by AndroidAnnotations: 1
17:25:24.715 [Worker-37] INFO  o.a.g.ApiCodeGenerator:52 - Writting following API classes in project: []
17:25:24.716 [Worker-37] DEBUG o.a.g.SourceCodewriter:55 - Generating class: com.chuangmeng.fashiondiy.HomeActivity_
17:25:24.730 [Worker-37] INFO  o.a.p.TimeStats:81 - Time measurements: [Whole Processing = 64 ms], [Generate Sources = 16 ms], [Extract Annotations = 13 ms], [Find R Classes = 12 ms], [Extract Manifest = 9 ms], [Validate Annotations = 6 ms], [Process Annotations = 4 ms], 
17:25:24.731 [Worker-37] INFO  o.a.AndroidAnnotationProcessor:123 - Finish processing
17:25:25.901 [Worker-36] INFO  o.a.AndroidAnnotationProcessor:85 - Initialize AndroidAnnotations 3.0.1 with options {phase=BUILD}
17:25:25.902 [Worker-36] INFO  o.a.AndroidAnnotationProcessor:109 - Start processing for 4 annotations on 1 elements
17:25:25.911 [Worker-36] DEBUG o.a.h.AndroidManifestFinder:137 - AndroidManifest.xml file found in parent folder /Users/hch/Documents/Git/FashionDiy: /Users/hch/Documents/Git/FashionDiy/AndroidManifest.xml
17:25:25.913 [Worker-36] WARN  o.a.h.AndroidManifestFinder:252 - A class activity declared in the AndroidManifest.xml cannot be found in the compile path: [com.tencent.tauth.AuthActivity]
17:25:25.914 [Worker-36] WARN  o.a.h.AndroidManifestFinder:252 - A class activity declared in the AndroidManifest.xml cannot be found in the compile path: [com.tencent.connect.common.AssistActivity]
17:25:25.917 [Worker-36] INFO  o.a.AndroidAnnotationProcessor:172 - AndroidManifest.xml found: AndroidManifest [applicationPackage=com.chuangmeng.fashiondiy, componentQualifiedNames=[com.chuangmeng.fashiondiy.IndexActivity_, com.umeng.update.UpdateDialogActivity, com.umeng.socialize.view.ShareActivity, com.chuangmeng.fashiondiy.HomeActivity_, com.chuangmeng.fashiondiy.design.DesignActivity_, com.chuangmeng.fashiondiy.guide.GuideActivity, com.chuangmeng.fashiondiy.preview.PreViewActivity_, com.chuangmeng.fashiondiy.preview.trywear.WaterCameraActivity, com.chuangmeng.fashiondiy.DisplayGarderobeActivity, com.chuangmeng.fashiondiy.preview.buy.ToBuyActivity_, com.chuangmeng.fashiondiy.AboutUsActivity, com.chuangmeng.fashiondiy.ConfirmDialog, com.chuangmeng.fashiondiy.DisplayDesignClothActivity, com.chuangmeng.fashiondiy.login.UserLoginActivity_, com.chuangmeng.fashiondiy.login.UserRegistActivity_, com.chuangmeng.fashiondiy.forum.ForumActivity, com.umeng.update.net.DownloadingService, com.chuangmeng.fashiondiy.service.SaveTrywearClothService], permissionQualifiedNames=[android.permission.WRITE_EXTERNAL_STORAGE, android.permission.ACCESS_NETWORK_STATE, android.permission.ACCESS_WIFI_STATE, android.permission.INTERNET, android.permission.READ_PHONE_STATE, android.permission.MOUNT_UNMOUNT_FILESYSTEMS, android.permission.READ_EXTERNAL_STORAGE, android.permission.READ_CALL_LOG, android.permission.READ_CONTACTS, android.permission.WAKE_LOCK, android.permission.CHANGE_WIFI_STATE, android.permission.CAMERA, android.permission.VIBRATE, android.permission.FLASHLIGHT], applicationClassName=com.chuangmeng.fashiondiy.base.FashionDiyApplication, libraryProject=false, debugabble=false, minSdkVersion=11, maxSdkVersion=-1, targetSdkVersion=20]
17:25:25.918 [Worker-36] INFO  o.a.r.ProjectRClassFinder:50 - Found project R class: com.chuangmeng.fashiondiy.R
17:25:25.921 [Worker-36] INFO  o.a.r.AndroidRClassFinder:44 - Found Android class: android.R
17:25:25.926 [Worker-36] INFO  o.a.p.ModelValidator:42 - Validating elements
17:25:25.927 [Worker-36] DEBUG o.a.p.ModelValidator:62 - Validating with EActivityHandler: [com.chuangmeng.fashiondiy.HomeActivity]
17:25:25.927 [Worker-36] DEBUG o.a.p.ModelValidator:62 - Validating with ViewByIdHandler: [view_home_all_diy_iv, view_home_male_iv, view_home_female_iv, view_home_clothespress_iv, view_home_couple_iv, view_home_about_us_iv, view_home_help_iv]
17:25:25.929 [Worker-36] DEBUG o.a.p.ModelValidator:62 - Validating with ClickHandler: [void view_home_clothespress_iv() , void view_home_about_us_iv() , void view_home_couple_iv() , void view_home_help_iv() , void view_home_male_iv() , void view_home_female_iv() ]
17:25:25.930 [Worker-36] DEBUG o.a.p.ModelValidator:62 - Validating with AfterViewsHandler: [void initView() ]
17:25:25.932 [Worker-36] INFO  o.a.p.ModelProcessor:73 - Processing root elements
17:25:25.932 [Worker-36] DEBUG o.a.p.ModelProcessor:80 - Processing root elements EActivityHandler: [com.chuangmeng.fashiondiy.HomeActivity]
17:25:25.934 [Worker-36] INFO  o.a.p.ModelProcessor:104 - Processing enclosed elements
17:25:25.936 [Worker-36] INFO  o.a.AndroidAnnotationProcessor:251 - Number of files generated by AndroidAnnotations: 1
17:25:25.937 [Worker-36] INFO  o.a.g.ApiCodeGenerator:52 - Writting following API classes in project: []
17:25:25.937 [Worker-36] DEBUG o.a.g.SourceCodewriter:55 - Generating class: com.chuangmeng.fashiondiy.HomeActivity_
17:25:25.950 [Worker-36] INFO  o.a.p.TimeStats:81 - Time measurements: [Whole Processing = 47 ms], [Generate Sources = 13 ms], [Extract Annotations = 8 ms], [Find R Classes = 8 ms], [Extract Manifest = 6 ms], [Validate Annotations = 5 ms], [Process Annotations = 5 ms], 
17:25:25.950 [Worker-36] INFO  o.a.AndroidAnnotationProcessor:123 - Finish processing
17:30:21.867 [Worker-42] INFO  o.a.AndroidAnnotationProcessor:85 - Initialize AndroidAnnotations 3.0.1 with options {phase=BUILD}
17:30:21.870 [Worker-42] INFO  o.a.AndroidAnnotationProcessor:109 - Start processing for 4 annotations on 1 elements
17:30:21.888 [Worker-42] DEBUG o.a.h.AndroidManifestFinder:137 - AndroidManifest.xml file found in parent folder /Users/hch/Documents/Git/FashionDiy: /Users/hch/Documents/Git/FashionDiy/AndroidManifest.xml
17:30:21.891 [Worker-42] WARN  o.a.h.AndroidManifestFinder:252 - A class activity declared in the AndroidManifest.xml cannot be found in the compile path: [com.tencent.tauth.AuthActivity]
17:30:21.892 [Worker-42] WARN  o.a.h.AndroidManifestFinder:252 - A class activity declared in the AndroidManifest.xml cannot be found in the compile path: [com.tencent.connect.common.AssistActivity]
17:30:21.897 [Worker-42] INFO  o.a.AndroidAnnotationProcessor:172 - AndroidManifest.xml found: AndroidManifest [applicationPackage=com.chuangmeng.fashiondiy, componentQualifiedNames=[com.chuangmeng.fashiondiy.IndexActivity_, com.umeng.update.UpdateDialogActivity, com.umeng.socialize.view.ShareActivity, com.chuangmeng.fashiondiy.HomeActivity_, com.chuangmeng.fashiondiy.design.DesignActivity_, com.chuangmeng.fashiondiy.guide.GuideActivity, com.chuangmeng.fashiondiy.preview.PreViewActivity_, com.chuangmeng.fashiondiy.preview.trywear.WaterCameraActivity, com.chuangmeng.fashiondiy.DisplayGarderobeActivity, com.chuangmeng.fashiondiy.preview.buy.ToBuyActivity_, com.chuangmeng.fashiondiy.AboutUsActivity, com.chuangmeng.fashiondiy.ConfirmDialog, com.chuangmeng.fashiondiy.DisplayDesignClothActivity, com.chuangmeng.fashiondiy.login.UserLoginActivity_, com.chuangmeng.fashiondiy.login.UserRegistActivity_, com.chuangmeng.fashiondiy.forum.ForumActivity, com.umeng.update.net.DownloadingService, com.chuangmeng.fashiondiy.service.SaveTrywearClothService], permissionQualifiedNames=[android.permission.WRITE_EXTERNAL_STORAGE, android.permission.ACCESS_NETWORK_STATE, android.permission.ACCESS_WIFI_STATE, android.permission.INTERNET, android.permission.READ_PHONE_STATE, android.permission.MOUNT_UNMOUNT_FILESYSTEMS, android.permission.READ_EXTERNAL_STORAGE, android.permission.READ_CALL_LOG, android.permission.READ_CONTACTS, android.permission.WAKE_LOCK, android.permission.CHANGE_WIFI_STATE, android.permission.CAMERA, android.permission.VIBRATE, android.permission.FLASHLIGHT], applicationClassName=com.chuangmeng.fashiondiy.base.FashionDiyApplication, libraryProject=false, debugabble=false, minSdkVersion=11, maxSdkVersion=-1, targetSdkVersion=20]
17:30:21.898 [Worker-42] INFO  o.a.r.ProjectRClassFinder:50 - Found project R class: com.chuangmeng.fashiondiy.R
17:30:21.901 [Worker-42] INFO  o.a.r.AndroidRClassFinder:44 - Found Android class: android.R
17:30:21.907 [Worker-42] INFO  o.a.p.ModelValidator:42 - Validating elements
17:30:21.908 [Worker-42] DEBUG o.a.p.ModelValidator:62 - Validating with EActivityHandler: [com.chuangmeng.fashiondiy.HomeActivity]
17:30:21.909 [Worker-42] DEBUG o.a.p.ModelValidator:62 - Validating with ViewByIdHandler: [view_home_couple_iv, view_home_about_us_iv, view_home_clothespress_iv, view_home_help_iv, view_home_all_diy_iv, view_home_male_iv, view_home_female_iv]
17:30:21.910 [Worker-42] DEBUG o.a.p.ModelValidator:62 - Validating with ClickHandler: [void view_home_help_iv() , void view_home_female_iv() , void view_home_about_us_iv() , void view_home_clothespress_iv() , void view_home_couple_iv() , void view_home_male_iv() ]
17:30:21.912 [Worker-42] DEBUG o.a.p.ModelValidator:62 - Validating with AfterViewsHandler: [void initView() ]
17:30:21.913 [Worker-42] INFO  o.a.p.ModelProcessor:73 - Processing root elements
17:30:21.915 [Worker-42] DEBUG o.a.p.ModelProcessor:80 - Processing root elements EActivityHandler: [com.chuangmeng.fashiondiy.HomeActivity]
17:30:21.918 [Worker-42] INFO  o.a.p.ModelProcessor:104 - Processing enclosed elements
17:30:21.919 [Worker-42] INFO  o.a.AndroidAnnotationProcessor:251 - Number of files generated by AndroidAnnotations: 1
17:30:21.922 [Worker-42] INFO  o.a.g.ApiCodeGenerator:52 - Writting following API classes in project: []
17:30:21.923 [Worker-42] DEBUG o.a.g.SourceCodewriter:55 - Generating class: com.chuangmeng.fashiondiy.HomeActivity_
17:30:21.953 [Worker-42] INFO  o.a.p.TimeStats:81 - Time measurements: [Whole Processing = 84 ms], [Generate Sources = 34 ms], [Extract Annotations = 17 ms], [Extract Manifest = 9 ms], [Find R Classes = 9 ms], [Validate Annotations = 6 ms], [Process Annotations = 6 ms], 
17:30:21.954 [Worker-42] INFO  o.a.AndroidAnnotationProcessor:123 - Finish processing
17:47:22.587 [Worker-43] INFO  o.a.AndroidAnnotationProcessor:85 - Initialize AndroidAnnotations 3.0.1 with options {phase=BUILD}
17:47:22.761 [Worker-43] INFO  o.a.AndroidAnnotationProcessor:109 - Start processing for 4 annotations on 42 elements
17:47:22.802 [Worker-43] DEBUG o.a.h.AndroidManifestFinder:137 - AndroidManifest.xml file found in parent folder /Users/hch/Documents/Git/FashionDiy: /Users/hch/Documents/Git/FashionDiy/AndroidManifest.xml
17:47:22.809 [Worker-43] WARN  o.a.h.AndroidManifestFinder:252 - A class activity declared in the AndroidManifest.xml cannot be found in the compile path: [com.tencent.tauth.AuthActivity]
17:47:22.810 [Worker-43] WARN  o.a.h.AndroidManifestFinder:252 - A class activity declared in the AndroidManifest.xml cannot be found in the compile path: [com.tencent.connect.common.AssistActivity]
17:47:22.812 [Worker-43] INFO  o.a.AndroidAnnotationProcessor:172 - AndroidManifest.xml found: AndroidManifest [applicationPackage=com.chuangmeng.fashiondiy, componentQualifiedNames=[com.chuangmeng.fashiondiy.IndexActivity_, com.umeng.update.UpdateDialogActivity, com.umeng.socialize.view.ShareActivity, com.chuangmeng.fashiondiy.HomeActivity_, com.chuangmeng.fashiondiy.design.DesignActivity_, com.chuangmeng.fashiondiy.guide.GuideActivity, com.chuangmeng.fashiondiy.preview.PreViewActivity_, com.chuangmeng.fashiondiy.preview.trywear.WaterCameraActivity, com.chuangmeng.fashiondiy.DisplayGarderobeActivity, com.chuangmeng.fashiondiy.preview.buy.ToBuyActivity_, com.chuangmeng.fashiondiy.AboutUsActivity, com.chuangmeng.fashiondiy.ConfirmDialog, com.chuangmeng.fashiondiy.DisplayDesignClothActivity, com.chuangmeng.fashiondiy.login.UserLoginActivity_, com.chuangmeng.fashiondiy.login.UserRegistActivity_, com.chuangmeng.fashiondiy.forum.ForumActivity, com.umeng.update.net.DownloadingService, com.chuangmeng.fashiondiy.service.SaveTrywearClothService], permissionQualifiedNames=[android.permission.WRITE_EXTERNAL_STORAGE, android.permission.ACCESS_NETWORK_STATE, android.permission.ACCESS_WIFI_STATE, android.permission.INTERNET, android.permission.READ_PHONE_STATE, android.permission.MOUNT_UNMOUNT_FILESYSTEMS, android.permission.READ_EXTERNAL_STORAGE, android.permission.READ_CALL_LOG, android.permission.READ_CONTACTS, android.permission.WAKE_LOCK, android.permission.CHANGE_WIFI_STATE, android.permission.CAMERA, android.permission.VIBRATE, android.permission.FLASHLIGHT], applicationClassName=com.chuangmeng.fashiondiy.base.FashionDiyApplication, libraryProject=false, debugabble=false, minSdkVersion=11, maxSdkVersion=-1, targetSdkVersion=20]
17:47:22.813 [Worker-43] INFO  o.a.r.ProjectRClassFinder:50 - Found project R class: com.chuangmeng.fashiondiy.R
17:47:22.816 [Worker-43] INFO  o.a.r.AndroidRClassFinder:44 - Found Android class: android.R
17:47:22.822 [Worker-43] INFO  o.a.p.ModelValidator:42 - Validating elements
17:47:22.822 [Worker-43] DEBUG o.a.p.ModelValidator:62 - Validating with EActivityHandler: [com.chuangmeng.fashiondiy.IndexActivity, com.chuangmeng.fashiondiy.design.DesignActivity, com.chuangmeng.fashiondiy.preview.buy.ToBuyActivity, com.chuangmeng.fashiondiy.login.UserLoginActivity, com.chuangmeng.fashiondiy.login.UserRegistActivity, com.chuangmeng.fashiondiy.preview.PreViewActivity, com.chuangmeng.fashiondiy.HomeActivity]
17:47:22.824 [Worker-43] DEBUG o.a.p.ModelValidator:62 - Validating with ViewByIdHandler: [design_cloth_child_title, design_buy_cloth_no_xxl_bt, design_bottom_operate_hide_iv, design_couple_title_male_front_iv, design_buy_cloth_ok_bt, view_home_female_iv, design_couple_title_female_back_iv, design_bottom_detail_ll, design_couple_title_female_front_iv, design_buy_cloth_num_tv, design_cloth_direction_rl, design_bottom_word_iv, design_couple_title_male_back_iv, design_couple_title_female_back_iv, design_buy_cloth_no_l_bt, preview_title_back_iv, login_user_name_input, design_title_couple_include, design_buy_cloth_no_xl_bt, preview_to_clothset, design_buy_cloth_no_m_bt, design_couple_title_male_front_iv, design_couple_title_back_iv, design_bottom_pattern_iv, login_regist_first, user_regist_username_et, login_start_login_btn, user_regist_get_validatedcode_bt, preview_bottom_save_iv, preview_bottom_detail_ll, design_buy_cloth_no_xxxl_bt, design_buy_cloth_money_tv, preview_cloth_detail_viewpager, design_couple_title_male_back_iv, view_home_help_iv, user_regist_regist_bt, user_regist_password_et, view_home_couple_iv, design_couple_title_female_front_iv, design_title_backward_iv, view_home_male_iv, user_regist_validatedcode_et, view_home_about_us_iv, design_couple_cloth_direction_rl, design_buy_cloth_no_s_bt, design_preview_buy_show_cfi, preview_bottom_buy_iv, design_preview_buy_show_vf, user_regist_phonenum_et, design_cloth_detail_viewpager, design_title_preview_iv, login_meet_error, design_model_operate_text_color_listview, login_user_passwd_input, design_buy_cloth_num_sub_bt, design_bottom_model_iv, design_title_forward_iv, design_bottom_camera_iv, view_home_all_diy_iv, view_home_clothespress_iv, design_buy_cloth_num_add_bt, design_take_select_photo_rl, preview_bottom_try_iv]
17:47:22.831 [Worker-43] DEBUG o.a.p.ModelValidator:62 - Validating with ClickHandler: [void login_start_login_btn() , public void design_title_backward_iv() , public void design_bottom_model_iv() , public void design_bottom_operate_hide_iv() , void design_title_forward_iv() , void login_meet_error() , public void design_couple_title_preview_iv() , public void preview_to_clothset() , public void design_bottom_background_iv() , void preview_bottom_buy_iv() , public void design_couple_title_male_back_iv() , public void design_title_back_iv() , public void design_couple_title_back_iv() , public void preview_title_back_iv() , void design_couple_title_male_front_iv() , void view_home_clothespress_iv() , public void design_bottom_pattern_iv() , void preview_bottom_save_iv() , void user_regist_get_validatedcode_bt() , void view_home_help_iv() , void user_regist_regist_bt() , void design_title_backward_iv() , void design_couple_title_female_back_iv() , void view_home_couple_iv() , void view_home_male_iv() , void design_couple_title_female_front_iv() , public void design_couple_title_female_front_iv() , void view_home_about_us_iv() , public void design_bottom_word_iv() , public void design_select_local_photo_iv() , void design_couple_title_male_back_iv() , public void design_title_forward_iv() , public void design_title_preview_iv() , public void design_couple_title_female_back_iv() , void view_home_female_iv() , public void design_bottom_camera_iv() , public void design_take_photo_iv() , void preview_bottom_try_iv() , public void design_couple_title_male_front_iv() , void login_regist_first() ]
17:47:22.844 [Worker-43] DEBUG o.a.p.ModelValidator:62 - Validating with AfterViewsHandler: [void initData() , void initView() , void initData() , void initView() , void initData() , void isNetworkAvailable() , void initData() ]
17:47:22.845 [Worker-43] INFO  o.a.p.ModelProcessor:73 - Processing root elements
17:47:22.846 [Worker-43] DEBUG o.a.p.ModelProcessor:80 - Processing root elements EActivityHandler: [com.chuangmeng.fashiondiy.IndexActivity, com.chuangmeng.fashiondiy.design.DesignActivity, com.chuangmeng.fashiondiy.preview.buy.ToBuyActivity, com.chuangmeng.fashiondiy.login.UserLoginActivity, com.chuangmeng.fashiondiy.login.UserRegistActivity, com.chuangmeng.fashiondiy.preview.PreViewActivity, com.chuangmeng.fashiondiy.HomeActivity]
17:47:22.856 [Worker-43] INFO  o.a.p.ModelProcessor:104 - Processing enclosed elements
17:47:22.857 [Worker-43] DEBUG o.a.p.ModelProcessor:116 - Processing enclosed elements with ViewByIdHandler: [org.androidannotations.model.AnnotationElements$AnnotatedAndRootElements@11be163f, org.androidannotations.model.AnnotationElements$AnnotatedAndRootElements@6d24b9a1, org.androidannotations.model.AnnotationElements$AnnotatedAndRootElements@477e9cf8, org.androidannotations.model.AnnotationElements$AnnotatedAndRootElements@4283e384, org.androidannotations.model.AnnotationElements$AnnotatedAndRootElements@6979f8fe, org.androidannotations.model.AnnotationElements$AnnotatedAndRootElements@593c1a34, org.androidannotations.model.AnnotationElements$AnnotatedAndRootElements@41d301da, org.androidannotations.model.AnnotationElements$AnnotatedAndRootElements@330c9007, org.androidannotations.model.AnnotationElements$AnnotatedAndRootElements@62fb4b75, org.androidannotations.model.AnnotationElements$AnnotatedAndRootElements@4fe68fe9, org.androidannotations.model.AnnotationElements$AnnotatedAndRootElements@75235e32, org.androidannotations.model.AnnotationElements$AnnotatedAndRootElements@1f88011a, org.androidannotations.model.AnnotationElements$AnnotatedAndRootElements@1425f630, org.androidannotations.model.AnnotationElements$AnnotatedAndRootElements@20d95d4f, org.androidannotations.model.AnnotationElements$AnnotatedAndRootElements@23a89c3e, org.androidannotations.model.AnnotationElements$AnnotatedAndRootElements@75b98bae, org.androidannotations.model.AnnotationElements$AnnotatedAndRootElements@2b901308, org.androidannotations.model.AnnotationElements$AnnotatedAndRootElements@fc7b7de, org.androidannotations.model.AnnotationElements$AnnotatedAndRootElements@23f832e2, org.androidannotations.model.AnnotationElements$AnnotatedAndRootElements@7fc0005c, org.androidannotations.model.AnnotationElements$AnnotatedAndRootElements@640f2313, org.androidannotations.model.AnnotationElements$AnnotatedAndRootElements@2154f64a, org.androidannotations.model.AnnotationElements$AnnotatedAndRootElements@38c3b95c, org.androidannotations.model.AnnotationElements$AnnotatedAndRootElements@41ac8f04, org.androidannotations.model.AnnotationElements$AnnotatedAndRootElements@51d12af9, org.androidannotations.model.AnnotationElements$AnnotatedAndRootElements@1ed8cff3, org.androidannotations.model.AnnotationElements$AnnotatedAndRootElements@5419172, org.androidannotations.model.AnnotationElements$AnnotatedAndRootElements@90dc635, org.androidannotations.model.AnnotationElements$AnnotatedAndRootElements@356ce6d4, org.androidannotations.model.AnnotationElements$AnnotatedAndRootElements@53d6566f, org.androidannotations.model.AnnotationElements$AnnotatedAndRootElements@130eb84f, org.androidannotations.model.AnnotationElements$AnnotatedAndRootElements@4e03174b, org.androidannotations.model.AnnotationElements$AnnotatedAndRootElements@4eb7122, org.androidannotations.model.AnnotationElements$AnnotatedAndRootElements@7bef4925, org.androidannotations.model.AnnotationElements$AnnotatedAndRootElements@25bf296, org.androidannotations.model.AnnotationElements$AnnotatedAndRootElements@8aa1064, org.androidannotations.model.AnnotationElements$AnnotatedAndRootElements@31b2df7d, org.androidannotations.model.AnnotationElements$AnnotatedAndRootElements@64c79a97, org.androidannotations.model.AnnotationElements$AnnotatedAndRootElements@36cf9a9d, org.androidannotations.model.AnnotationElements$AnnotatedAndRootElements@2f0aa3d8, org.androidannotations.model.AnnotationElements$AnnotatedAndRootElements@4a424c94, org.androidannotations.model.AnnotationElements$AnnotatedAndRootElements@771bca7, org.androidannotations.model.AnnotationElements$AnnotatedAndRootElements@4ebd5f64, org.androidannotations.model.AnnotationElements$AnnotatedAndRootElements@1fed2e36, org.androidannotations.model.AnnotationElements$AnnotatedAndRootElements@4e8ca2d0, org.androidannotations.model.AnnotationElements$AnnotatedAndRootElements@353dd863, org.androidannotations.model.AnnotationElements$AnnotatedAndRootElements@70043ce5, org.androidannotations.model.AnnotationElements$AnnotatedAndRootElements@12cd192f, org.androidannotations.model.AnnotationElements$AnnotatedAndRootElements@473349d0, org.androidannotations.model.AnnotationElements$AnnotatedAndRootElements@6b6f590b, org.androidannotations.model.AnnotationElements$AnnotatedAndRootElements@2d467ea2, org.androidannotations.model.AnnotationElements$AnnotatedAndRootElements@54628885, org.androidannotations.model.AnnotationElements$AnnotatedAndRootElements@19f0401b, org.androidannotations.model.AnnotationElements$AnnotatedAndRootElements@3c4dd7a1, org.androidannotations.model.AnnotationElements$AnnotatedAndRootElements@47a1a84c, org.androidannotations.model.AnnotationElements$AnnotatedAndRootElements@4ff62b9b, org.androidannotations.model.AnnotationElements$AnnotatedAndRootElements@521ab575, org.androidannotations.model.AnnotationElements$AnnotatedAndRootElements@405fcaac, org.androidannotations.model.AnnotationElements$AnnotatedAndRootElements@754ecb3a, org.androidannotations.model.AnnotationElements$AnnotatedAndRootElements@740207f5, org.androidannotations.model.AnnotationElements$AnnotatedAndRootElements@10beac45, org.androidannotations.model.AnnotationElements$AnnotatedAndRootElements@5efde93, org.androidannotations.model.AnnotationElements$AnnotatedAndRootElements@4ab3e24f]
17:47:22.862 [Worker-43] DEBUG o.a.p.ModelProcessor:116 - Processing enclosed elements with ClickHandler: [org.androidannotations.model.AnnotationElements$AnnotatedAndRootElements@4f9d019f, org.androidannotations.model.AnnotationElements$AnnotatedAndRootElements@790336c0, org.androidannotations.model.AnnotationElements$AnnotatedAndRootElements@3383810a, org.androidannotations.model.AnnotationElements$AnnotatedAndRootElements@2b5bdc97, org.androidannotations.model.AnnotationElements$AnnotatedAndRootElements@3453a09, org.androidannotations.model.AnnotationElements$AnnotatedAndRootElements@37222e2c, org.androidannotations.model.AnnotationElements$AnnotatedAndRootElements@55641dab, org.androidannotations.model.AnnotationElements$AnnotatedAndRootElements@538df85f, org.androidannotations.model.AnnotationElements$AnnotatedAndRootElements@7099f54b, org.androidannotations.model.AnnotationElements$AnnotatedAndRootElements@6179ae2a, org.androidannotations.model.AnnotationElements$AnnotatedAndRootElements@22d64bc2, org.androidannotations.model.AnnotationElements$AnnotatedAndRootElements@65c8c01c, org.androidannotations.model.AnnotationElements$AnnotatedAndRootElements@36ce945b, org.androidannotations.model.AnnotationElements$AnnotatedAndRootElements@7f76256f, org.androidannotations.model.AnnotationElements$AnnotatedAndRootElements@42be5325, org.androidannotations.model.AnnotationElements$AnnotatedAndRootElements@4491f78d, org.androidannotations.model.AnnotationElements$AnnotatedAndRootElements@1caa5c36, org.androidannotations.model.AnnotationElements$AnnotatedAndRootElements@7cc48ada, org.androidannotations.model.AnnotationElements$AnnotatedAndRootElements@1491a08e, org.androidannotations.model.AnnotationElements$AnnotatedAndRootElements@37ca18ab, org.androidannotations.model.AnnotationElements$AnnotatedAndRootElements@5f642006, org.androidannotations.model.AnnotationElements$AnnotatedAndRootElements@34dc9dbb, org.androidannotations.model.AnnotationElements$AnnotatedAndRootElements@43badc12, org.androidannotations.model.AnnotationElements$AnnotatedAndRootElements@211d3035, org.androidannotations.model.AnnotationElements$AnnotatedAndRootElements@7d9d6df7, org.androidannotations.model.AnnotationElements$AnnotatedAndRootElements@d485723, org.androidannotations.model.AnnotationElements$AnnotatedAndRootElements@13eaf346, org.androidannotations.model.AnnotationElements$AnnotatedAndRootElements@740398ac, org.androidannotations.model.AnnotationElements$AnnotatedAndRootElements@55d7cb78, org.androidannotations.model.AnnotationElements$AnnotatedAndRootElements@2e5b08eb, org.androidannotations.model.AnnotationElements$AnnotatedAndRootElements@daec49e, org.androidannotations.model.AnnotationElements$AnnotatedAndRootElements@4370786, org.androidannotations.model.AnnotationElements$AnnotatedAndRootElements@37acff9e, org.androidannotations.model.AnnotationElements$AnnotatedAndRootElements@2e08f07b, org.androidannotations.model.AnnotationElements$AnnotatedAndRootElements@7a59252a, org.androidannotations.model.AnnotationElements$AnnotatedAndRootElements@760fef3b, org.androidannotations.model.AnnotationElements$AnnotatedAndRootElements@44366f01, org.androidannotations.model.AnnotationElements$AnnotatedAndRootElements@1da46b5a, org.androidannotations.model.AnnotationElements$AnnotatedAndRootElements@25e7a058, org.androidannotations.model.AnnotationElements$AnnotatedAndRootElements@783494cb]
17:47:22.865 [Worker-43] DEBUG o.a.p.ModelProcessor:116 - Processing enclosed elements with AfterViewsHandler: [org.androidannotations.model.AnnotationElements$AnnotatedAndRootElements@68ad93fd, org.androidannotations.model.AnnotationElements$AnnotatedAndRootElements@7f2914fa, org.androidannotations.model.AnnotationElements$AnnotatedAndRootElements@2977bc03, org.androidannotations.model.AnnotationElements$AnnotatedAndRootElements@429f60aa, org.androidannotations.model.AnnotationElements$AnnotatedAndRootElements@1a7de7e4, org.androidannotations.model.AnnotationElements$AnnotatedAndRootElements@3f10f9e9, org.androidannotations.model.AnnotationElements$AnnotatedAndRootElements@5201f21a]
17:47:22.866 [Worker-43] INFO  o.a.AndroidAnnotationProcessor:251 - Number of files generated by AndroidAnnotations: 7
17:47:22.867 [Worker-43] INFO  o.a.g.ApiCodeGenerator:52 - Writting following API classes in project: []
17:47:22.867 [Worker-43] DEBUG o.a.g.SourceCodewriter:55 - Generating class: com.chuangmeng.fashiondiy.preview.buy.ToBuyActivity_
17:47:22.883 [Worker-43] DEBUG o.a.g.SourceCodewriter:55 - Generating class: com.chuangmeng.fashiondiy.HomeActivity_
17:47:22.897 [Worker-43] DEBUG o.a.g.SourceCodewriter:55 - Generating class: com.chuangmeng.fashiondiy.IndexActivity_
17:47:22.900 [Worker-43] DEBUG o.a.g.SourceCodewriter:55 - Generating class: com.chuangmeng.fashiondiy.login.UserLoginActivity_
17:47:22.908 [Worker-43] DEBUG o.a.g.SourceCodewriter:55 - Generating class: com.chuangmeng.fashiondiy.login.UserRegistActivity_
17:47:22.918 [Worker-43] DEBUG o.a.g.SourceCodewriter:55 - Generating class: com.chuangmeng.fashiondiy.preview.PreViewActivity_
17:47:22.929 [Worker-43] DEBUG o.a.g.SourceCodewriter:55 - Generating class: com.chuangmeng.fashiondiy.design.DesignActivity_
17:47:22.939 [Worker-43] INFO  o.a.p.TimeStats:81 - Time measurements: [Whole Processing = 178 ms], [Generate Sources = 73 ms], [Extract Annotations = 40 ms], [Validate Annotations = 23 ms], [Process Annotations = 21 ms], [Extract Manifest = 10 ms], [Find R Classes = 9 ms], 
17:47:22.939 [Worker-43] INFO  o.a.AndroidAnnotationProcessor:123 - Finish processing
